[2024-11-02T22:11:00.952+0000] {local_task_job_runner.py:123} INFO - ::group::Pre task execution logs
[2024-11-02T22:11:00.965+0000] {taskinstance.py:2612} INFO - Dependencies all met for dep_context=non-requeueable deps ti=<TaskInstance: load_sales_data_to_db.fetch_sales_data_raw scheduled__2024-11-02T22:10:00+00:00 [queued]>
[2024-11-02T22:11:00.977+0000] {taskinstance.py:2612} INFO - Dependencies all met for dep_context=requeueable deps ti=<TaskInstance: load_sales_data_to_db.fetch_sales_data_raw scheduled__2024-11-02T22:10:00+00:00 [queued]>
[2024-11-02T22:11:00.978+0000] {taskinstance.py:2865} INFO - Starting attempt 1 of 2
[2024-11-02T22:11:00.989+0000] {taskinstance.py:2888} INFO - Executing <Task(PythonOperator): fetch_sales_data_raw> on 2024-11-02 22:10:00+00:00
[2024-11-02T22:11:00.993+0000] {warnings.py:112} WARNING - /home/***/.local/lib/python3.12/site-packages/***/task/task_runner/standard_task_runner.py:70: DeprecationWarning: This process (pid=218) is multi-threaded, use of fork() may lead to deadlocks in the child.
  pid = os.fork()

[2024-11-02T22:11:00.994+0000] {standard_task_runner.py:72} INFO - Started process 223 to run task
[2024-11-02T22:11:00.997+0000] {standard_task_runner.py:104} INFO - Running: ['***', 'tasks', 'run', 'load_sales_data_to_db', 'fetch_sales_data_raw', 'scheduled__2024-11-02T22:10:00+00:00', '--job-id', '20', '--raw', '--subdir', 'DAGS_FOLDER/raw/sales.py', '--cfg-path', '/tmp/tmpv9185z4v']
[2024-11-02T22:11:00.998+0000] {standard_task_runner.py:105} INFO - Job 20: Subtask fetch_sales_data_raw
[2024-11-02T22:11:01.041+0000] {task_command.py:467} INFO - Running <TaskInstance: load_sales_data_to_db.fetch_sales_data_raw scheduled__2024-11-02T22:10:00+00:00 [running]> on host d58a14a02cb8
[2024-11-02T22:11:01.093+0000] {taskinstance.py:3131} INFO - Exporting env vars: AIRFLOW_CTX_DAG_OWNER='***' AIRFLOW_CTX_DAG_ID='load_sales_data_to_db' AIRFLOW_CTX_TASK_ID='fetch_sales_data_raw' AIRFLOW_CTX_EXECUTION_DATE='2024-11-02T22:10:00+00:00' AIRFLOW_CTX_TRY_NUMBER='1' AIRFLOW_CTX_DAG_RUN_ID='scheduled__2024-11-02T22:10:00+00:00'
[2024-11-02T22:11:01.095+0000] {logging_mixin.py:190} INFO - Task instance is in running state
[2024-11-02T22:11:01.095+0000] {logging_mixin.py:190} INFO -  Previous state of the Task instance: queued
[2024-11-02T22:11:01.096+0000] {logging_mixin.py:190} INFO - Current task name:fetch_sales_data_raw state:running start_date:2024-11-02 22:11:00.965710+00:00
[2024-11-02T22:11:01.096+0000] {logging_mixin.py:190} INFO - Dag name:load_sales_data_to_db and current dag run status:running
[2024-11-02T22:11:01.096+0000] {taskinstance.py:731} INFO - ::endgroup::
[2024-11-02T22:11:02.193+0000] {sales.py:49} INFO - Successfully fetched sales data from the API.
[2024-11-02T22:11:02.201+0000] {python.py:240} INFO - Done. Returned value was: [{'order_id': 4026, 'order_date': '2021-12-25', 'quantity': 2, 'payment_method': 'Credit Card', 'order_status': 'Delivered', 'customer_id': 227, 'customer_name': 'Jinny Staresmeare', 'email': 'jstaresmeare0@exblog.jp', 'gender': 'Female', 'country_code': 'TH', 'product_id': 777, 'product_name': 'Wine - Domaine Boyar Royal', 'unit_price': 467.46}, {'order_id': 9679, 'order_date': '2021-06-14', 'quantity': 1, 'payment_method': 'Credit Card', 'order_status': 'Cancelled', 'customer_id': 419, 'customer_name': 'Collin Stile', 'email': 'cstile1@apple.com', 'gender': 'Male', 'country_code': 'BO', 'product_id': 769, 'product_name': 'Wine - Cotes Du Rhone', 'unit_price': 939.53}, {'order_id': 5980, 'order_date': '2021-05-25', 'quantity': 3, 'payment_method': 'Debit Card', 'order_status': 'Processing', 'customer_id': 211, 'customer_name': 'Corliss Coffelt', 'email': 'ccoffelt2@addthis.com', 'gender': 'Female', 'country_code': 'CN', 'product_id': 870, 'product_name': 'Salmon Steak - Cohoe 6 Oz', 'unit_price': 964.84}, {'order_id': 3262, 'order_date': '2022-09-13', 'quantity': 2, 'payment_method': 'Debit Card', 'order_status': 'Shipped', 'customer_id': 449, 'customer_name': 'Myra Castana', 'email': 'mcastana3@upenn.edu', 'gender': 'Female', 'country_code': 'SO', 'product_id': 858, 'product_name': 'Apple - Delicious, Golden', 'unit_price': 877.04}, {'order_id': 2933, 'order_date': '2021-04-28', 'quantity': 3, 'payment_method': 'PayPal', 'order_status': 'Shipped', 'customer_id': 453, 'customer_name': 'Ivy Tingcomb', 'email': 'itingcomb4@aboutads.info', 'gender': 'Female', 'country_code': 'PE', 'product_id': 576, 'product_name': 'Puree - Mocha', 'unit_price': 32.35}, {'order_id': 7010, 'order_date': '2022-12-05', 'quantity': 3, 'payment_method': 'Debit Card', 'order_status': 'Processing', 'customer_id': 334, 'customer_name': 'Beth ffrench Beytagh', 'email': 'bffrench5@hexun.com', 'gender': 'Female', 'country_code': 'CN', 'product_id': 807, 'product_name': 'Salad Dressing', 'unit_price': 275.81}, {'order_id': 6636, 'order_date': '2023-11-29', 'quantity': 3, 'payment_method': 'Cash', 'order_status': 'Delivered', 'customer_id': 870, 'customer_name': 'Dwight Fraczkiewicz', 'email': 'dfraczkiewicz6@home.pl', 'gender': 'Male', 'country_code': 'FI', 'product_id': 859, 'product_name': 'Ranchero - Primerba, Paste', 'unit_price': 203.96}, {'order_id': 4675, 'order_date': '2021-10-11', 'quantity': 1, 'payment_method': 'Debit Card', 'order_status': 'Delivered', 'customer_id': 107, 'customer_name': 'Druci Kun', 'email': 'dkun7@wikispaces.com', 'gender': 'Female', 'country_code': 'SE', 'product_id': 553, 'product_name': 'Pastry - Chocolate Chip Muffin', 'unit_price': 171.96}, {'order_id': 2143, 'order_date': '2022-06-03', 'quantity': 2, 'payment_method': 'Debit Card', 'order_status': 'Shipped', 'customer_id': 730, 'customer_name': 'Alf Malone', 'email': 'amalone8@w3.org', 'gender': 'Male', 'country_code': 'ID', 'product_id': 657, 'product_name': 'Blackberries', 'unit_price': 754.76}, {'order_id': 2083, 'order_date': '2022-07-05', 'quantity': 1, 'payment_method': 'Credit Card', 'order_status': 'Processing', 'customer_id': 238, 'customer_name': 'Griffie Altimas', 'email': 'galtimas9@163.com', 'gender': 'Male', 'country_code': 'CN', 'product_id': 899, 'product_name': 'Pasta - Canelloni', 'unit_price': 933.62}]
[2024-11-02T22:11:02.218+0000] {taskinstance.py:340} INFO - ::group::Post task execution logs
[2024-11-02T22:11:02.218+0000] {taskinstance.py:352} INFO - Marking task as SUCCESS. dag_id=load_sales_data_to_db, task_id=fetch_sales_data_raw, run_id=scheduled__2024-11-02T22:10:00+00:00, execution_date=20241102T221000, start_date=20241102T221100, end_date=20241102T221102
[2024-11-02T22:11:02.225+0000] {logging_mixin.py:190} INFO - Task instance in success state
[2024-11-02T22:11:02.225+0000] {logging_mixin.py:190} INFO -  Previous state of the Task instance: running
[2024-11-02T22:11:02.226+0000] {logging_mixin.py:190} INFO - Dag name:load_sales_data_to_db queued_at:2024-11-02 22:11:00.011415+00:00
[2024-11-02T22:11:02.226+0000] {logging_mixin.py:190} INFO - Task hostname:d58a14a02cb8 operator:PythonOperator
[2024-11-02T22:11:02.258+0000] {local_task_job_runner.py:266} INFO - Task exited with return code 0
[2024-11-02T22:11:02.280+0000] {taskinstance.py:3900} INFO - 0 downstream tasks scheduled from follow-on schedule check
[2024-11-02T22:11:02.281+0000] {local_task_job_runner.py:245} INFO - ::endgroup::
