[2024-11-02T22:09:04.030+0000] {local_task_job_runner.py:123} INFO - ::group::Pre task execution logs
[2024-11-02T22:09:04.040+0000] {taskinstance.py:2612} INFO - Dependencies all met for dep_context=non-requeueable deps ti=<TaskInstance: load_sales_data_to_db.fetch_sales_data_raw scheduled__2024-11-02T22:07:00+00:00 [queued]>
[2024-11-02T22:09:04.045+0000] {taskinstance.py:2612} INFO - Dependencies all met for dep_context=requeueable deps ti=<TaskInstance: load_sales_data_to_db.fetch_sales_data_raw scheduled__2024-11-02T22:07:00+00:00 [queued]>
[2024-11-02T22:09:04.046+0000] {taskinstance.py:2865} INFO - Starting attempt 2 of 2
[2024-11-02T22:09:04.057+0000] {taskinstance.py:2888} INFO - Executing <Task(PythonOperator): fetch_sales_data_raw> on 2024-11-02 22:07:00+00:00
[2024-11-02T22:09:04.063+0000] {warnings.py:112} WARNING - /home/***/.local/lib/python3.12/site-packages/***/task/task_runner/standard_task_runner.py:70: DeprecationWarning: This process (pid=141) is multi-threaded, use of fork() may lead to deadlocks in the child.
  pid = os.fork()

[2024-11-02T22:09:04.064+0000] {standard_task_runner.py:72} INFO - Started process 153 to run task
[2024-11-02T22:09:04.065+0000] {standard_task_runner.py:104} INFO - Running: ['***', 'tasks', 'run', 'load_sales_data_to_db', 'fetch_sales_data_raw', 'scheduled__2024-11-02T22:07:00+00:00', '--job-id', '13', '--raw', '--subdir', 'DAGS_FOLDER/raw/sales.py', '--cfg-path', '/tmp/tmpe0dxu013']
[2024-11-02T22:09:04.066+0000] {standard_task_runner.py:105} INFO - Job 13: Subtask fetch_sales_data_raw
[2024-11-02T22:09:04.103+0000] {task_command.py:467} INFO - Running <TaskInstance: load_sales_data_to_db.fetch_sales_data_raw scheduled__2024-11-02T22:07:00+00:00 [running]> on host d58a14a02cb8
[2024-11-02T22:09:04.153+0000] {taskinstance.py:3131} INFO - Exporting env vars: AIRFLOW_CTX_DAG_OWNER='***' AIRFLOW_CTX_DAG_ID='load_sales_data_to_db' AIRFLOW_CTX_TASK_ID='fetch_sales_data_raw' AIRFLOW_CTX_EXECUTION_DATE='2024-11-02T22:07:00+00:00' AIRFLOW_CTX_TRY_NUMBER='2' AIRFLOW_CTX_DAG_RUN_ID='scheduled__2024-11-02T22:07:00+00:00'
[2024-11-02T22:09:04.155+0000] {logging_mixin.py:190} INFO - Task instance is in running state
[2024-11-02T22:09:04.155+0000] {logging_mixin.py:190} INFO -  Previous state of the Task instance: queued
[2024-11-02T22:09:04.156+0000] {logging_mixin.py:190} INFO - Current task name:fetch_sales_data_raw state:running start_date:2024-11-02 22:09:04.040960+00:00
[2024-11-02T22:09:04.156+0000] {logging_mixin.py:190} INFO - Dag name:load_sales_data_to_db and current dag run status:running
[2024-11-02T22:09:04.157+0000] {taskinstance.py:731} INFO - ::endgroup::
[2024-11-02T22:09:04.983+0000] {sales.py:49} INFO - Successfully fetched sales data from the API.
[2024-11-02T22:09:04.994+0000] {python.py:240} INFO - Done. Returned value was: [{'order_id': 8128, 'order_date': '2023-11-25', 'quantity': 2, 'payment_method': 'PayPal', 'order_status': 'Processing', 'customer_id': 992, 'customer_name': 'Carry Dimitru', 'email': 'cdimitru0@whitehouse.gov', 'gender': 'Female', 'country_code': 'CN', 'product_id': 845, 'product_name': 'Tea - Herbal - 6 Asst', 'unit_price': 423.59}, {'order_id': 4433, 'order_date': '2023-09-08', 'quantity': 1, 'payment_method': 'Debit Card', 'order_status': 'Cancelled', 'customer_id': 181, 'customer_name': 'Ania Lansdown', 'email': 'alansdown1@ihg.com', 'gender': 'Female', 'country_code': 'ID', 'product_id': 678, 'product_name': 'Dill Weed - Fresh', 'unit_price': 668.5}, {'order_id': 2885, 'order_date': '2021-08-03', 'quantity': 3, 'payment_method': 'Credit Card', 'order_status': 'Shipped', 'customer_id': 147, 'customer_name': 'Woody Yosselevitch', 'email': 'wyosselevitch2@mtv.com', 'gender': 'Male', 'country_code': 'GR', 'product_id': 673, 'product_name': 'Sauce - White, Mix', 'unit_price': 156.08}, {'order_id': 3531, 'order_date': '2023-02-09', 'quantity': 1, 'payment_method': 'Cash', 'order_status': 'Shipped', 'customer_id': 402, 'customer_name': 'Micah Rollings', 'email': 'mrollings3@booking.com', 'gender': 'Male', 'country_code': 'RU', 'product_id': 623, 'product_name': 'Beef - Ox Tongue', 'unit_price': 231.46}, {'order_id': 4919, 'order_date': '2021-06-22', 'quantity': 2, 'payment_method': 'PayPal', 'order_status': 'Cancelled', 'customer_id': 118, 'customer_name': 'Rasla Catherall', 'email': 'rcatherall4@facebook.com', 'gender': 'Female', 'country_code': 'KZ', 'product_id': 900, 'product_name': 'Oil - Canola', 'unit_price': 777.0}, {'order_id': 1528, 'order_date': '2021-02-21', 'quantity': 3, 'payment_method': 'Debit Card', 'order_status': 'Cancelled', 'customer_id': 962, 'customer_name': 'Humbert Franseco', 'email': 'hfranseco5@arstechnica.com', 'gender': 'Bigender', 'country_code': 'SY', 'product_id': 761, 'product_name': 'Mix - Cappucino Cocktail', 'unit_price': 411.31}, {'order_id': 6139, 'order_date': '2022-08-26', 'quantity': 2, 'payment_method': 'Cash', 'order_status': 'Shipped', 'customer_id': 295, 'customer_name': 'Reed Sollitt', 'email': 'rsollitt6@noaa.gov', 'gender': 'Male', 'country_code': 'PH', 'product_id': 595, 'product_name': 'Chicken Breast Wing On', 'unit_price': 162.73}, {'order_id': 7467, 'order_date': '2022-12-02', 'quantity': 3, 'payment_method': 'Debit Card', 'order_status': 'Delivered', 'customer_id': 779, 'customer_name': 'Domenic Sprey', 'email': 'dsprey7@behance.net', 'gender': 'Bigender', 'country_code': 'CN', 'product_id': 793, 'product_name': 'Silicone Parch. 16.3x24.3', 'unit_price': 305.01}, {'order_id': 1472, 'order_date': '2023-10-15', 'quantity': 1, 'payment_method': 'Cash', 'order_status': 'Cancelled', 'customer_id': 411, 'customer_name': 'Nananne McKeown', 'email': 'nmckeown8@creativecommons.org', 'gender': 'Female', 'country_code': 'JP', 'product_id': 896, 'product_name': 'Beef - Sushi Flat Iron Steak', 'unit_price': 121.43}, {'order_id': 3226, 'order_date': '2020-10-11', 'quantity': 2, 'payment_method': 'Credit Card', 'order_status': 'Delivered', 'customer_id': 625, 'customer_name': 'Diarmid Dudbridge', 'email': 'ddudbridge9@networkadvertising.org', 'gender': 'Male', 'country_code': 'GP', 'product_id': 826, 'product_name': 'Star Anise, Whole', 'unit_price': 464.9}]
[2024-11-02T22:09:05.010+0000] {taskinstance.py:340} INFO - ::group::Post task execution logs
[2024-11-02T22:09:05.011+0000] {taskinstance.py:352} INFO - Marking task as SUCCESS. dag_id=load_sales_data_to_db, task_id=fetch_sales_data_raw, run_id=scheduled__2024-11-02T22:07:00+00:00, execution_date=20241102T220700, start_date=20241102T220904, end_date=20241102T220905
[2024-11-02T22:09:05.018+0000] {logging_mixin.py:190} INFO - Task instance in success state
[2024-11-02T22:09:05.018+0000] {logging_mixin.py:190} INFO -  Previous state of the Task instance: running
[2024-11-02T22:09:05.019+0000] {logging_mixin.py:190} INFO - Dag name:load_sales_data_to_db queued_at:2024-11-02 22:08:00.610763+00:00
[2024-11-02T22:09:05.019+0000] {logging_mixin.py:190} INFO - Task hostname:d58a14a02cb8 operator:PythonOperator
[2024-11-02T22:09:05.046+0000] {local_task_job_runner.py:266} INFO - Task exited with return code 0
[2024-11-02T22:09:05.061+0000] {taskinstance.py:3900} INFO - 1 downstream tasks scheduled from follow-on schedule check
[2024-11-02T22:09:05.063+0000] {local_task_job_runner.py:245} INFO - ::endgroup::
