[2024-11-03T03:39:01.648+0000] {local_task_job_runner.py:123} INFO - ::group::Pre task execution logs
[2024-11-03T03:39:01.657+0000] {taskinstance.py:2612} INFO - Dependencies all met for dep_context=non-requeueable deps ti=<TaskInstance: load_sales_data_to_db.fetch_sales_data_raw scheduled__2024-11-03T03:38:00+00:00 [queued]>
[2024-11-03T03:39:01.662+0000] {taskinstance.py:2612} INFO - Dependencies all met for dep_context=requeueable deps ti=<TaskInstance: load_sales_data_to_db.fetch_sales_data_raw scheduled__2024-11-03T03:38:00+00:00 [queued]>
[2024-11-03T03:39:01.662+0000] {taskinstance.py:2865} INFO - Starting attempt 1 of 2
[2024-11-03T03:39:01.669+0000] {taskinstance.py:2888} INFO - Executing <Task(PythonOperator): fetch_sales_data_raw> on 2024-11-03 03:38:00+00:00
[2024-11-03T03:39:01.672+0000] {warnings.py:112} WARNING - /home/***/.local/lib/python3.12/site-packages/***/task/task_runner/standard_task_runner.py:70: DeprecationWarning: This process (pid=194) is multi-threaded, use of fork() may lead to deadlocks in the child.
  pid = os.fork()

[2024-11-03T03:39:01.673+0000] {standard_task_runner.py:72} INFO - Started process 199 to run task
[2024-11-03T03:39:01.674+0000] {standard_task_runner.py:104} INFO - Running: ['***', 'tasks', 'run', 'load_sales_data_to_db', 'fetch_sales_data_raw', 'scheduled__2024-11-03T03:38:00+00:00', '--job-id', '109', '--raw', '--subdir', 'DAGS_FOLDER/dags/raw/dag_load_sales_data_to_db.py', '--cfg-path', '/tmp/tmpuo26o79f']
[2024-11-03T03:39:01.675+0000] {standard_task_runner.py:105} INFO - Job 109: Subtask fetch_sales_data_raw
[2024-11-03T03:39:01.701+0000] {task_command.py:467} INFO - Running <TaskInstance: load_sales_data_to_db.fetch_sales_data_raw scheduled__2024-11-03T03:38:00+00:00 [running]> on host 60357d598414
[2024-11-03T03:39:01.742+0000] {taskinstance.py:3131} INFO - Exporting env vars: AIRFLOW_CTX_DAG_OWNER='***' AIRFLOW_CTX_DAG_ID='load_sales_data_to_db' AIRFLOW_CTX_TASK_ID='fetch_sales_data_raw' AIRFLOW_CTX_EXECUTION_DATE='2024-11-03T03:38:00+00:00' AIRFLOW_CTX_TRY_NUMBER='1' AIRFLOW_CTX_DAG_RUN_ID='scheduled__2024-11-03T03:38:00+00:00'
[2024-11-03T03:39:01.743+0000] {logging_mixin.py:190} INFO - Task instance is in running state
[2024-11-03T03:39:01.743+0000] {logging_mixin.py:190} INFO -  Previous state of the Task instance: queued
[2024-11-03T03:39:01.744+0000] {logging_mixin.py:190} INFO - Current task name:fetch_sales_data_raw state:running start_date:2024-11-03 03:39:01.657559+00:00
[2024-11-03T03:39:01.744+0000] {logging_mixin.py:190} INFO - Dag name:load_sales_data_to_db and current dag run status:running
[2024-11-03T03:39:01.745+0000] {taskinstance.py:731} INFO - ::endgroup::
[2024-11-03T03:39:03.001+0000] {raw_fetch_sales_api.py:27} INFO - Successfully fetched sales data from the API.
[2024-11-03T03:39:03.008+0000] {python.py:240} INFO - Done. Returned value was: None
[2024-11-03T03:39:03.013+0000] {taskinstance.py:340} INFO - ::group::Post task execution logs
[2024-11-03T03:39:03.013+0000] {taskinstance.py:352} INFO - Marking task as SUCCESS. dag_id=load_sales_data_to_db, task_id=fetch_sales_data_raw, run_id=scheduled__2024-11-03T03:38:00+00:00, execution_date=20241103T033800, start_date=20241103T033901, end_date=20241103T033903
[2024-11-03T03:39:03.017+0000] {logging_mixin.py:190} INFO - Task instance in success state
[2024-11-03T03:39:03.018+0000] {logging_mixin.py:190} INFO -  Previous state of the Task instance: running
[2024-11-03T03:39:03.018+0000] {logging_mixin.py:190} INFO - Dag name:load_sales_data_to_db queued_at:2024-11-03 03:39:00.987299+00:00
[2024-11-03T03:39:03.018+0000] {logging_mixin.py:190} INFO - Task hostname:60357d598414 operator:PythonOperator
[2024-11-03T03:39:03.023+0000] {local_task_job_runner.py:266} INFO - Task exited with return code 0
[2024-11-03T03:39:03.034+0000] {taskinstance.py:3900} INFO - 1 downstream tasks scheduled from follow-on schedule check
[2024-11-03T03:39:03.035+0000] {local_task_job_runner.py:245} INFO - ::endgroup::
