[2024-11-02T22:09:00.783+0000] {local_task_job_runner.py:123} INFO - ::group::Pre task execution logs
[2024-11-02T22:09:00.794+0000] {taskinstance.py:2612} INFO - Dependencies all met for dep_context=non-requeueable deps ti=<TaskInstance: load_sales_data_to_db.fetch_sales_data_raw scheduled__2024-11-02T22:08:00+00:00 [queued]>
[2024-11-02T22:09:00.800+0000] {taskinstance.py:2612} INFO - Dependencies all met for dep_context=requeueable deps ti=<TaskInstance: load_sales_data_to_db.fetch_sales_data_raw scheduled__2024-11-02T22:08:00+00:00 [queued]>
[2024-11-02T22:09:00.801+0000] {taskinstance.py:2865} INFO - Starting attempt 1 of 2
[2024-11-02T22:09:00.810+0000] {taskinstance.py:2888} INFO - Executing <Task(PythonOperator): fetch_sales_data_raw> on 2024-11-02 22:08:00+00:00
[2024-11-02T22:09:00.814+0000] {warnings.py:112} WARNING - /home/***/.local/lib/python3.12/site-packages/***/task/task_runner/standard_task_runner.py:70: DeprecationWarning: This process (pid=134) is multi-threaded, use of fork() may lead to deadlocks in the child.
  pid = os.fork()

[2024-11-02T22:09:00.815+0000] {standard_task_runner.py:72} INFO - Started process 139 to run task
[2024-11-02T22:09:00.815+0000] {standard_task_runner.py:104} INFO - Running: ['***', 'tasks', 'run', 'load_sales_data_to_db', 'fetch_sales_data_raw', 'scheduled__2024-11-02T22:08:00+00:00', '--job-id', '12', '--raw', '--subdir', 'DAGS_FOLDER/raw/sales.py', '--cfg-path', '/tmp/tmpshxvhpbj']
[2024-11-02T22:09:00.816+0000] {standard_task_runner.py:105} INFO - Job 12: Subtask fetch_sales_data_raw
[2024-11-02T22:09:00.853+0000] {task_command.py:467} INFO - Running <TaskInstance: load_sales_data_to_db.fetch_sales_data_raw scheduled__2024-11-02T22:08:00+00:00 [running]> on host d58a14a02cb8
[2024-11-02T22:09:00.900+0000] {taskinstance.py:3131} INFO - Exporting env vars: AIRFLOW_CTX_DAG_OWNER='***' AIRFLOW_CTX_DAG_ID='load_sales_data_to_db' AIRFLOW_CTX_TASK_ID='fetch_sales_data_raw' AIRFLOW_CTX_EXECUTION_DATE='2024-11-02T22:08:00+00:00' AIRFLOW_CTX_TRY_NUMBER='1' AIRFLOW_CTX_DAG_RUN_ID='scheduled__2024-11-02T22:08:00+00:00'
[2024-11-02T22:09:00.901+0000] {logging_mixin.py:190} INFO - Task instance is in running state
[2024-11-02T22:09:00.901+0000] {logging_mixin.py:190} INFO -  Previous state of the Task instance: queued
[2024-11-02T22:09:00.902+0000] {logging_mixin.py:190} INFO - Current task name:fetch_sales_data_raw state:running start_date:2024-11-02 22:09:00.794877+00:00
[2024-11-02T22:09:00.902+0000] {logging_mixin.py:190} INFO - Dag name:load_sales_data_to_db and current dag run status:running
[2024-11-02T22:09:00.902+0000] {taskinstance.py:731} INFO - ::endgroup::
[2024-11-02T22:09:02.145+0000] {sales.py:49} INFO - Successfully fetched sales data from the API.
[2024-11-02T22:09:02.156+0000] {python.py:240} INFO - Done. Returned value was: [{'order_id': 7064, 'order_date': '2024-08-14', 'quantity': 3, 'payment_method': 'Cash', 'order_status': 'Cancelled', 'customer_id': 297, 'customer_name': 'Ruby Ribbens', 'email': 'rribbens0@sun.com', 'gender': 'Female', 'country_code': 'CN', 'product_id': 579, 'product_name': 'Coconut - Creamed, Pure', 'unit_price': 85.25}, {'order_id': 5122, 'order_date': '2022-04-05', 'quantity': 3, 'payment_method': 'Cash', 'order_status': 'Cancelled', 'customer_id': 313, 'customer_name': 'Veronique Frome', 'email': 'vfrome1@mozilla.org', 'gender': 'Female', 'country_code': 'CZ', 'product_id': 555, 'product_name': 'Onions - Cooking', 'unit_price': 724.15}, {'order_id': 3870, 'order_date': '2021-07-23', 'quantity': 3, 'payment_method': 'Debit Card', 'order_status': 'Delivered', 'customer_id': 621, 'customer_name': 'Ermanno Wroth', 'email': 'ewroth2@shareasale.com', 'gender': 'Male', 'country_code': 'PL', 'product_id': 850, 'product_name': 'Wine - Segura Viudas Aria Brut', 'unit_price': 539.81}, {'order_id': 7967, 'order_date': '2021-05-24', 'quantity': 1, 'payment_method': 'Cash', 'order_status': 'Processing', 'customer_id': 773, 'customer_name': 'Angel Haack', 'email': 'ahaack3@yandex.ru', 'gender': 'Male', 'country_code': 'ZA', 'product_id': 812, 'product_name': 'Catfish - Fillets', 'unit_price': 549.6}, {'order_id': 2634, 'order_date': '2022-07-16', 'quantity': 2, 'payment_method': 'PayPal', 'order_status': 'Shipped', 'customer_id': 423, 'customer_name': 'Morgun MacMoyer', 'email': 'mmacmoyer4@wufoo.com', 'gender': 'Male', 'country_code': 'ID', 'product_id': 885, 'product_name': 'Bread - Raisin Walnut Oval', 'unit_price': 226.02}, {'order_id': 8933, 'order_date': '2021-08-31', 'quantity': 1, 'payment_method': 'PayPal', 'order_status': 'Shipped', 'customer_id': 734, 'customer_name': 'Weston Krzyzanowski', 'email': 'wkrzyzanowski5@ameblo.jp', 'gender': 'Male', 'country_code': 'ZA', 'product_id': 752, 'product_name': 'Truffle Cups - Red', 'unit_price': 228.35}, {'order_id': 1304, 'order_date': '2022-11-05', 'quantity': 1, 'payment_method': 'Debit Card', 'order_status': 'Shipped', 'customer_id': 336, 'customer_name': "Gustaf O'Tuohy", 'email': 'gotuohy6@reddit.com', 'gender': 'Male', 'country_code': 'HU', 'product_id': 813, 'product_name': 'Wine - Duboeuf Beaujolais', 'unit_price': 622.51}, {'order_id': 8469, 'order_date': '2023-11-02', 'quantity': 1, 'payment_method': 'Credit Card', 'order_status': 'Delivered', 'customer_id': 509, 'customer_name': 'Milton Tweede', 'email': 'mtweede7@usnews.com', 'gender': 'Male', 'country_code': 'KW', 'product_id': 534, 'product_name': 'Juice - Grapefruit, 341 Ml', 'unit_price': 526.53}, {'order_id': 4030, 'order_date': '2023-09-17', 'quantity': 3, 'payment_method': 'Debit Card', 'order_status': 'Processing', 'customer_id': 584, 'customer_name': 'Prince Velareal', 'email': 'pvelareal8@opensource.org', 'gender': 'Bigender', 'country_code': 'PT', 'product_id': 694, 'product_name': 'Mushroom - Shitake, Dry', 'unit_price': 865.46}, {'order_id': 3830, 'order_date': '2022-03-29', 'quantity': 2, 'payment_method': 'Debit Card', 'order_status': 'Shipped', 'customer_id': 823, 'customer_name': 'Lucas Flaunier', 'email': 'lflaunier9@hugedomains.com', 'gender': 'Male', 'country_code': 'ID', 'product_id': 591, 'product_name': 'Sobe - Cranberry Grapefruit', 'unit_price': 37.17}]
[2024-11-02T22:09:02.172+0000] {taskinstance.py:340} INFO - ::group::Post task execution logs
[2024-11-02T22:09:02.173+0000] {taskinstance.py:352} INFO - Marking task as SUCCESS. dag_id=load_sales_data_to_db, task_id=fetch_sales_data_raw, run_id=scheduled__2024-11-02T22:08:00+00:00, execution_date=20241102T220800, start_date=20241102T220900, end_date=20241102T220902
[2024-11-02T22:09:02.191+0000] {logging_mixin.py:190} INFO - Task instance in success state
[2024-11-02T22:09:02.192+0000] {logging_mixin.py:190} INFO -  Previous state of the Task instance: running
[2024-11-02T22:09:02.192+0000] {logging_mixin.py:190} INFO - Dag name:load_sales_data_to_db queued_at:2024-11-02 22:09:00.013650+00:00
[2024-11-02T22:09:02.193+0000] {logging_mixin.py:190} INFO - Task hostname:d58a14a02cb8 operator:PythonOperator
[2024-11-02T22:09:02.203+0000] {local_task_job_runner.py:266} INFO - Task exited with return code 0
[2024-11-02T22:09:02.218+0000] {taskinstance.py:3900} INFO - 1 downstream tasks scheduled from follow-on schedule check
[2024-11-02T22:09:02.219+0000] {local_task_job_runner.py:245} INFO - ::endgroup::
