[2024-11-03T03:41:04.106+0000] {local_task_job_runner.py:123} INFO - ::group::Pre task execution logs
[2024-11-03T03:41:04.114+0000] {taskinstance.py:2612} INFO - Dependencies all met for dep_context=non-requeueable deps ti=<TaskInstance: load_sales_data_to_db.store_sales_data_raw scheduled__2024-11-03T03:40:00+00:00 [queued]>
[2024-11-03T03:41:04.119+0000] {taskinstance.py:2612} INFO - Dependencies all met for dep_context=requeueable deps ti=<TaskInstance: load_sales_data_to_db.store_sales_data_raw scheduled__2024-11-03T03:40:00+00:00 [queued]>
[2024-11-03T03:41:04.119+0000] {taskinstance.py:2865} INFO - Starting attempt 1 of 2
[2024-11-03T03:41:04.125+0000] {taskinstance.py:2888} INFO - Executing <Task(PythonOperator): store_sales_data_raw> on 2024-11-03 03:40:00+00:00
[2024-11-03T03:41:04.128+0000] {warnings.py:112} WARNING - /home/***/.local/lib/python3.12/site-packages/***/task/task_runner/standard_task_runner.py:70: DeprecationWarning: This process (pid=263) is multi-threaded, use of fork() may lead to deadlocks in the child.
  pid = os.fork()

[2024-11-03T03:41:04.129+0000] {standard_task_runner.py:72} INFO - Started process 268 to run task
[2024-11-03T03:41:04.130+0000] {standard_task_runner.py:104} INFO - Running: ['***', 'tasks', 'run', 'load_sales_data_to_db', 'store_sales_data_raw', 'scheduled__2024-11-03T03:40:00+00:00', '--job-id', '114', '--raw', '--subdir', 'DAGS_FOLDER/dags/raw/dag_load_sales_data_to_db.py', '--cfg-path', '/tmp/tmphwnvew0f']
[2024-11-03T03:41:04.131+0000] {standard_task_runner.py:105} INFO - Job 114: Subtask store_sales_data_raw
[2024-11-03T03:41:04.159+0000] {task_command.py:467} INFO - Running <TaskInstance: load_sales_data_to_db.store_sales_data_raw scheduled__2024-11-03T03:40:00+00:00 [running]> on host 60357d598414
[2024-11-03T03:41:04.208+0000] {taskinstance.py:3131} INFO - Exporting env vars: AIRFLOW_CTX_DAG_OWNER='***' AIRFLOW_CTX_DAG_ID='load_sales_data_to_db' AIRFLOW_CTX_TASK_ID='store_sales_data_raw' AIRFLOW_CTX_EXECUTION_DATE='2024-11-03T03:40:00+00:00' AIRFLOW_CTX_TRY_NUMBER='1' AIRFLOW_CTX_DAG_RUN_ID='scheduled__2024-11-03T03:40:00+00:00'
[2024-11-03T03:41:04.209+0000] {logging_mixin.py:190} INFO - Task instance is in running state
[2024-11-03T03:41:04.210+0000] {logging_mixin.py:190} INFO -  Previous state of the Task instance: queued
[2024-11-03T03:41:04.210+0000] {logging_mixin.py:190} INFO - Current task name:store_sales_data_raw state:running start_date:2024-11-03 03:41:04.114907+00:00
[2024-11-03T03:41:04.211+0000] {logging_mixin.py:190} INFO - Dag name:load_sales_data_to_db and current dag run status:running
[2024-11-03T03:41:04.212+0000] {taskinstance.py:731} INFO - ::endgroup::
[2024-11-03T03:41:04.277+0000] {raw_store_sales_data.py:49} INFO - Data successfully inserted into DuckDB raw_layer.sales table.
[2024-11-03T03:41:04.299+0000] {raw_store_sales_data.py:56} INFO - Closed DuckDB connection.
[2024-11-03T03:41:04.299+0000] {python.py:240} INFO - Done. Returned value was: None
[2024-11-03T03:41:04.305+0000] {taskinstance.py:340} INFO - ::group::Post task execution logs
[2024-11-03T03:41:04.306+0000] {taskinstance.py:352} INFO - Marking task as SUCCESS. dag_id=load_sales_data_to_db, task_id=store_sales_data_raw, run_id=scheduled__2024-11-03T03:40:00+00:00, execution_date=20241103T034000, start_date=20241103T034104, end_date=20241103T034104
[2024-11-03T03:41:04.311+0000] {logging_mixin.py:190} INFO - Task instance in success state
[2024-11-03T03:41:04.311+0000] {logging_mixin.py:190} INFO -  Previous state of the Task instance: running
[2024-11-03T03:41:04.311+0000] {logging_mixin.py:190} INFO - Dag name:load_sales_data_to_db queued_at:2024-11-03 03:41:00.728181+00:00
[2024-11-03T03:41:04.312+0000] {logging_mixin.py:190} INFO - Task hostname:60357d598414 operator:PythonOperator
[2024-11-03T03:41:04.344+0000] {local_task_job_runner.py:266} INFO - Task exited with return code 0
[2024-11-03T03:41:04.355+0000] {taskinstance.py:3900} INFO - 0 downstream tasks scheduled from follow-on schedule check
[2024-11-03T03:41:04.357+0000] {local_task_job_runner.py:245} INFO - ::endgroup::
