[2024-11-03T00:16:03.535+0000] {local_task_job_runner.py:123} INFO - ::group::Pre task execution logs
[2024-11-03T00:16:03.543+0000] {taskinstance.py:2612} INFO - Dependencies all met for dep_context=non-requeueable deps ti=<TaskInstance: load_sales_data_to_db.store_sales_data_raw scheduled__2024-11-03T00:15:00+00:00 [queued]>
[2024-11-03T00:16:03.547+0000] {taskinstance.py:2612} INFO - Dependencies all met for dep_context=requeueable deps ti=<TaskInstance: load_sales_data_to_db.store_sales_data_raw scheduled__2024-11-03T00:15:00+00:00 [queued]>
[2024-11-03T00:16:03.548+0000] {taskinstance.py:2865} INFO - Starting attempt 1 of 2
[2024-11-03T00:16:03.553+0000] {taskinstance.py:2888} INFO - Executing <Task(PythonOperator): store_sales_data_raw> on 2024-11-03 00:15:00+00:00
[2024-11-03T00:16:03.556+0000] {warnings.py:112} WARNING - /home/***/.local/lib/python3.12/site-packages/***/task/task_runner/standard_task_runner.py:70: DeprecationWarning: This process (pid=2883) is multi-threaded, use of fork() may lead to deadlocks in the child.
  pid = os.fork()

[2024-11-03T00:16:03.557+0000] {standard_task_runner.py:72} INFO - Started process 2888 to run task
[2024-11-03T00:16:03.558+0000] {standard_task_runner.py:104} INFO - Running: ['***', 'tasks', 'run', 'load_sales_data_to_db', 'store_sales_data_raw', 'scheduled__2024-11-03T00:15:00+00:00', '--job-id', '306', '--raw', '--subdir', 'DAGS_FOLDER/raw/sales.py', '--cfg-path', '/tmp/tmpluoig3f2']
[2024-11-03T00:16:03.559+0000] {standard_task_runner.py:105} INFO - Job 306: Subtask store_sales_data_raw
[2024-11-03T00:16:03.586+0000] {task_command.py:467} INFO - Running <TaskInstance: load_sales_data_to_db.store_sales_data_raw scheduled__2024-11-03T00:15:00+00:00 [running]> on host f05559d9e656
[2024-11-03T00:16:03.630+0000] {taskinstance.py:3131} INFO - Exporting env vars: AIRFLOW_CTX_DAG_OWNER='***' AIRFLOW_CTX_DAG_ID='load_sales_data_to_db' AIRFLOW_CTX_TASK_ID='store_sales_data_raw' AIRFLOW_CTX_EXECUTION_DATE='2024-11-03T00:15:00+00:00' AIRFLOW_CTX_TRY_NUMBER='1' AIRFLOW_CTX_DAG_RUN_ID='scheduled__2024-11-03T00:15:00+00:00'
[2024-11-03T00:16:03.631+0000] {logging_mixin.py:190} INFO - Task instance is in running state
[2024-11-03T00:16:03.632+0000] {logging_mixin.py:190} INFO -  Previous state of the Task instance: queued
[2024-11-03T00:16:03.632+0000] {logging_mixin.py:190} INFO - Current task name:store_sales_data_raw state:running start_date:2024-11-03 00:16:03.544129+00:00
[2024-11-03T00:16:03.632+0000] {logging_mixin.py:190} INFO - Dag name:load_sales_data_to_db and current dag run status:running
[2024-11-03T00:16:03.633+0000] {taskinstance.py:731} INFO - ::endgroup::
[2024-11-03T00:16:03.688+0000] {sales.py:91} INFO - Data successfully inserted into DuckDB raw_layer.sales table.
[2024-11-03T00:16:03.709+0000] {sales.py:98} INFO - Closed DuckDB connection.
[2024-11-03T00:16:03.710+0000] {python.py:240} INFO - Done. Returned value was: None
[2024-11-03T00:16:03.716+0000] {taskinstance.py:340} INFO - ::group::Post task execution logs
[2024-11-03T00:16:03.716+0000] {taskinstance.py:352} INFO - Marking task as SUCCESS. dag_id=load_sales_data_to_db, task_id=store_sales_data_raw, run_id=scheduled__2024-11-03T00:15:00+00:00, execution_date=20241103T001500, start_date=20241103T001603, end_date=20241103T001603
[2024-11-03T00:16:03.722+0000] {logging_mixin.py:190} INFO - Task instance in success state
[2024-11-03T00:16:03.723+0000] {logging_mixin.py:190} INFO -  Previous state of the Task instance: running
[2024-11-03T00:16:03.723+0000] {logging_mixin.py:190} INFO - Dag name:load_sales_data_to_db queued_at:2024-11-03 00:16:00.326545+00:00
[2024-11-03T00:16:03.723+0000] {logging_mixin.py:190} INFO - Task hostname:f05559d9e656 operator:PythonOperator
[2024-11-03T00:16:03.732+0000] {local_task_job_runner.py:266} INFO - Task exited with return code 0
[2024-11-03T00:16:03.742+0000] {taskinstance.py:3900} INFO - 0 downstream tasks scheduled from follow-on schedule check
[2024-11-03T00:16:03.743+0000] {local_task_job_runner.py:245} INFO - ::endgroup::
