[2024-11-02T22:10:01.429+0000] {local_task_job_runner.py:123} INFO - ::group::Pre task execution logs
[2024-11-02T22:10:01.439+0000] {taskinstance.py:2612} INFO - Dependencies all met for dep_context=non-requeueable deps ti=<TaskInstance: load_sales_data_to_db.fetch_sales_data_raw scheduled__2024-11-02T22:09:00+00:00 [queued]>
[2024-11-02T22:10:01.446+0000] {taskinstance.py:2612} INFO - Dependencies all met for dep_context=requeueable deps ti=<TaskInstance: load_sales_data_to_db.fetch_sales_data_raw scheduled__2024-11-02T22:09:00+00:00 [queued]>
[2024-11-02T22:10:01.446+0000] {taskinstance.py:2865} INFO - Starting attempt 1 of 2
[2024-11-02T22:10:01.455+0000] {taskinstance.py:2888} INFO - Executing <Task(PythonOperator): fetch_sales_data_raw> on 2024-11-02 22:09:00+00:00
[2024-11-02T22:10:01.460+0000] {warnings.py:112} WARNING - /home/***/.local/lib/python3.12/site-packages/***/task/task_runner/standard_task_runner.py:70: DeprecationWarning: This process (pid=176) is multi-threaded, use of fork() may lead to deadlocks in the child.
  pid = os.fork()

[2024-11-02T22:10:01.461+0000] {standard_task_runner.py:72} INFO - Started process 181 to run task
[2024-11-02T22:10:01.461+0000] {standard_task_runner.py:104} INFO - Running: ['***', 'tasks', 'run', 'load_sales_data_to_db', 'fetch_sales_data_raw', 'scheduled__2024-11-02T22:09:00+00:00', '--job-id', '16', '--raw', '--subdir', 'DAGS_FOLDER/raw/sales.py', '--cfg-path', '/tmp/tmpczqyhvdq']
[2024-11-02T22:10:01.462+0000] {standard_task_runner.py:105} INFO - Job 16: Subtask fetch_sales_data_raw
[2024-11-02T22:10:01.497+0000] {task_command.py:467} INFO - Running <TaskInstance: load_sales_data_to_db.fetch_sales_data_raw scheduled__2024-11-02T22:09:00+00:00 [running]> on host d58a14a02cb8
[2024-11-02T22:10:01.549+0000] {taskinstance.py:3131} INFO - Exporting env vars: AIRFLOW_CTX_DAG_OWNER='***' AIRFLOW_CTX_DAG_ID='load_sales_data_to_db' AIRFLOW_CTX_TASK_ID='fetch_sales_data_raw' AIRFLOW_CTX_EXECUTION_DATE='2024-11-02T22:09:00+00:00' AIRFLOW_CTX_TRY_NUMBER='1' AIRFLOW_CTX_DAG_RUN_ID='scheduled__2024-11-02T22:09:00+00:00'
[2024-11-02T22:10:01.550+0000] {logging_mixin.py:190} INFO - Task instance is in running state
[2024-11-02T22:10:01.550+0000] {logging_mixin.py:190} INFO -  Previous state of the Task instance: queued
[2024-11-02T22:10:01.551+0000] {logging_mixin.py:190} INFO - Current task name:fetch_sales_data_raw state:running start_date:2024-11-02 22:10:01.440430+00:00
[2024-11-02T22:10:01.551+0000] {logging_mixin.py:190} INFO - Dag name:load_sales_data_to_db and current dag run status:running
[2024-11-02T22:10:01.552+0000] {taskinstance.py:731} INFO - ::endgroup::
[2024-11-02T22:10:02.716+0000] {sales.py:49} INFO - Successfully fetched sales data from the API.
[2024-11-02T22:10:02.734+0000] {python.py:240} INFO - Done. Returned value was: [{'order_id': 3457, 'order_date': '2021-01-15', 'quantity': 3, 'payment_method': 'Credit Card', 'order_status': 'Processing', 'customer_id': 353, 'customer_name': 'Rodger Ortes', 'email': 'rortes0@yahoo.co.jp', 'gender': 'Male', 'country_code': 'US', 'product_id': 600, 'product_name': 'Food Colouring - Blue', 'unit_price': 769.38}, {'order_id': 5409, 'order_date': '2024-02-14', 'quantity': 1, 'payment_method': 'Credit Card', 'order_status': 'Cancelled', 'customer_id': 663, 'customer_name': 'Alexa Elan', 'email': 'aelan1@toplist.cz', 'gender': 'Female', 'country_code': 'CN', 'product_id': 772, 'product_name': 'Appetizer - Mango Chevre', 'unit_price': 358.81}, {'order_id': 1852, 'order_date': '2021-11-26', 'quantity': 1, 'payment_method': 'Cash', 'order_status': 'Cancelled', 'customer_id': 263, 'customer_name': 'Chevalier Beinke', 'email': 'cbeinke2@twitpic.com', 'gender': 'Male', 'country_code': 'PH', 'product_id': 642, 'product_name': 'Clams - Littleneck, Whole', 'unit_price': 394.51}, {'order_id': 6937, 'order_date': '2024-07-30', 'quantity': 1, 'payment_method': 'PayPal', 'order_status': 'Cancelled', 'customer_id': 258, 'customer_name': 'Reynold Lavell', 'email': 'rlavell3@sina.com.cn', 'gender': 'Male', 'country_code': 'IE', 'product_id': 750, 'product_name': 'Beef - Tenderlion, Center Cut', 'unit_price': 698.75}, {'order_id': 8702, 'order_date': '2022-08-29', 'quantity': 2, 'payment_method': 'Credit Card', 'order_status': 'Processing', 'customer_id': 602, 'customer_name': 'Arvin Janacek', 'email': 'ajanacek4@wisc.edu', 'gender': 'Male', 'country_code': 'ID', 'product_id': 596, 'product_name': 'Cake - Dulce De Leche', 'unit_price': 724.91}, {'order_id': 2811, 'order_date': '2022-08-26', 'quantity': 2, 'payment_method': 'Credit Card', 'order_status': 'Delivered', 'customer_id': 432, 'customer_name': 'Binni Burdon', 'email': 'bburdon5@yale.edu', 'gender': 'Female', 'country_code': 'CA', 'product_id': 758, 'product_name': 'Plate Foam Laminated 9in Blk', 'unit_price': 1.53}, {'order_id': 3691, 'order_date': '2022-10-14', 'quantity': 3, 'payment_method': 'Credit Card', 'order_status': 'Delivered', 'customer_id': 233, 'customer_name': 'Constantino Shoorbrooke', 'email': 'cshoorbrooke6@wikispaces.com', 'gender': 'Male', 'country_code': 'CN', 'product_id': 613, 'product_name': 'Noodles - Cellophane, Thin', 'unit_price': 890.64}, {'order_id': 5178, 'order_date': '2022-02-08', 'quantity': 1, 'payment_method': 'PayPal', 'order_status': 'Delivered', 'customer_id': 131, 'customer_name': 'Valenka Smallthwaite', 'email': 'vsmallthwaite7@networkadvertising.org', 'gender': 'Non-binary', 'country_code': 'SO', 'product_id': 720, 'product_name': 'Chocolate - Mi - Amere Semi', 'unit_price': 376.56}, {'order_id': 1904, 'order_date': '2024-06-21', 'quantity': 3, 'payment_method': 'Credit Card', 'order_status': 'Processing', 'customer_id': 827, 'customer_name': 'Britt Dilliway', 'email': 'bdilliway8@ucsd.edu', 'gender': 'Male', 'country_code': 'SY', 'product_id': 847, 'product_name': 'Soup - Campbells, Lentil', 'unit_price': 546.76}, {'order_id': 3561, 'order_date': '2023-03-15', 'quantity': 3, 'payment_method': 'PayPal', 'order_status': 'Cancelled', 'customer_id': 362, 'customer_name': 'Mandy Moen', 'email': 'mmoen9@networkadvertising.org', 'gender': 'Genderqueer', 'country_code': 'CN', 'product_id': 652, 'product_name': 'Water - Aquafina Vitamin', 'unit_price': 866.62}]
[2024-11-02T22:10:02.755+0000] {taskinstance.py:340} INFO - ::group::Post task execution logs
[2024-11-02T22:10:02.756+0000] {taskinstance.py:352} INFO - Marking task as SUCCESS. dag_id=load_sales_data_to_db, task_id=fetch_sales_data_raw, run_id=scheduled__2024-11-02T22:09:00+00:00, execution_date=20241102T220900, start_date=20241102T221001, end_date=20241102T221002
[2024-11-02T22:10:02.765+0000] {logging_mixin.py:190} INFO - Task instance in success state
[2024-11-02T22:10:02.766+0000] {logging_mixin.py:190} INFO -  Previous state of the Task instance: running
[2024-11-02T22:10:02.766+0000] {logging_mixin.py:190} INFO - Dag name:load_sales_data_to_db queued_at:2024-11-02 22:10:00.532896+00:00
[2024-11-02T22:10:02.766+0000] {logging_mixin.py:190} INFO - Task hostname:d58a14a02cb8 operator:PythonOperator
[2024-11-02T22:10:02.774+0000] {local_task_job_runner.py:266} INFO - Task exited with return code 0
[2024-11-02T22:10:02.789+0000] {taskinstance.py:3900} INFO - 1 downstream tasks scheduled from follow-on schedule check
[2024-11-02T22:10:02.791+0000] {local_task_job_runner.py:245} INFO - ::endgroup::
