[2024-11-03T02:35:04.220+0000] {local_task_job_runner.py:123} INFO - ::group::Pre task execution logs
[2024-11-03T02:35:04.238+0000] {taskinstance.py:2612} INFO - Dependencies all met for dep_context=non-requeueable deps ti=<TaskInstance: load_sales_data_to_db.fetch_sales_data_raw scheduled__2024-11-03T02:34:00+00:00 [queued]>
[2024-11-03T02:35:04.244+0000] {taskinstance.py:2612} INFO - Dependencies all met for dep_context=requeueable deps ti=<TaskInstance: load_sales_data_to_db.fetch_sales_data_raw scheduled__2024-11-03T02:34:00+00:00 [queued]>
[2024-11-03T02:35:04.244+0000] {taskinstance.py:2865} INFO - Starting attempt 1 of 2
[2024-11-03T02:35:04.252+0000] {taskinstance.py:2888} INFO - Executing <Task(PythonOperator): fetch_sales_data_raw> on 2024-11-03 02:34:00+00:00
[2024-11-03T02:35:04.256+0000] {warnings.py:112} WARNING - /home/***/.local/lib/python3.12/site-packages/***/task/task_runner/standard_task_runner.py:70: DeprecationWarning: This process (pid=3160) is multi-threaded, use of fork() may lead to deadlocks in the child.
  pid = os.fork()

[2024-11-03T02:35:04.257+0000] {standard_task_runner.py:72} INFO - Started process 3170 to run task
[2024-11-03T02:35:04.257+0000] {standard_task_runner.py:104} INFO - Running: ['***', 'tasks', 'run', 'load_sales_data_to_db', 'fetch_sales_data_raw', 'scheduled__2024-11-03T02:34:00+00:00', '--job-id', '329', '--raw', '--subdir', 'DAGS_FOLDER/raw/sales.py', '--cfg-path', '/tmp/tmpg6q2d8c5']
[2024-11-03T02:35:04.261+0000] {standard_task_runner.py:105} INFO - Job 329: Subtask fetch_sales_data_raw
[2024-11-03T02:35:04.314+0000] {task_command.py:467} INFO - Running <TaskInstance: load_sales_data_to_db.fetch_sales_data_raw scheduled__2024-11-03T02:34:00+00:00 [running]> on host f05559d9e656
[2024-11-03T02:35:04.372+0000] {taskinstance.py:3131} INFO - Exporting env vars: AIRFLOW_CTX_DAG_OWNER='***' AIRFLOW_CTX_DAG_ID='load_sales_data_to_db' AIRFLOW_CTX_TASK_ID='fetch_sales_data_raw' AIRFLOW_CTX_EXECUTION_DATE='2024-11-03T02:34:00+00:00' AIRFLOW_CTX_TRY_NUMBER='1' AIRFLOW_CTX_DAG_RUN_ID='scheduled__2024-11-03T02:34:00+00:00'
[2024-11-03T02:35:04.373+0000] {logging_mixin.py:190} INFO - Task instance is in running state
[2024-11-03T02:35:04.373+0000] {logging_mixin.py:190} INFO -  Previous state of the Task instance: queued
[2024-11-03T02:35:04.373+0000] {logging_mixin.py:190} INFO - Current task name:fetch_sales_data_raw state:running start_date:2024-11-03 02:35:04.238502+00:00
[2024-11-03T02:35:04.373+0000] {logging_mixin.py:190} INFO - Dag name:load_sales_data_to_db and current dag run status:running
[2024-11-03T02:35:04.374+0000] {taskinstance.py:731} INFO - ::endgroup::
[2024-11-03T02:35:06.588+0000] {sales.py:49} INFO - Successfully fetched sales data from the API.
[2024-11-03T02:35:06.596+0000] {python.py:240} INFO - Done. Returned value was: None
[2024-11-03T02:35:06.601+0000] {taskinstance.py:340} INFO - ::group::Post task execution logs
[2024-11-03T02:35:06.602+0000] {taskinstance.py:352} INFO - Marking task as SUCCESS. dag_id=load_sales_data_to_db, task_id=fetch_sales_data_raw, run_id=scheduled__2024-11-03T02:34:00+00:00, execution_date=20241103T023400, start_date=20241103T023504, end_date=20241103T023506
[2024-11-03T02:35:06.608+0000] {logging_mixin.py:190} INFO - Task instance in success state
[2024-11-03T02:35:06.608+0000] {logging_mixin.py:190} INFO -  Previous state of the Task instance: running
[2024-11-03T02:35:06.608+0000] {logging_mixin.py:190} INFO - Dag name:load_sales_data_to_db queued_at:2024-11-03 02:35:03.412468+00:00
[2024-11-03T02:35:06.609+0000] {logging_mixin.py:190} INFO - Task hostname:f05559d9e656 operator:PythonOperator
[2024-11-03T02:35:06.642+0000] {local_task_job_runner.py:266} INFO - Task exited with return code 0
[2024-11-03T02:35:06.649+0000] {local_task_job_runner.py:245} INFO - ::endgroup::
