[2024-11-02T23:33:03.498+0000] {local_task_job_runner.py:123} INFO - ::group::Pre task execution logs
[2024-11-02T23:33:03.509+0000] {taskinstance.py:2612} INFO - Dependencies all met for dep_context=non-requeueable deps ti=<TaskInstance: load_sales_data_to_db.store_sales_data_raw scheduled__2024-11-02T23:32:00+00:00 [queued]>
[2024-11-02T23:33:03.515+0000] {taskinstance.py:2612} INFO - Dependencies all met for dep_context=requeueable deps ti=<TaskInstance: load_sales_data_to_db.store_sales_data_raw scheduled__2024-11-02T23:32:00+00:00 [queued]>
[2024-11-02T23:33:03.515+0000] {taskinstance.py:2865} INFO - Starting attempt 1 of 2
[2024-11-02T23:33:03.525+0000] {taskinstance.py:2888} INFO - Executing <Task(PythonOperator): store_sales_data_raw> on 2024-11-02 23:32:00+00:00
[2024-11-02T23:33:03.529+0000] {warnings.py:112} WARNING - /home/***/.local/lib/python3.12/site-packages/***/task/task_runner/standard_task_runner.py:70: DeprecationWarning: This process (pid=1583) is multi-threaded, use of fork() may lead to deadlocks in the child.
  pid = os.fork()

[2024-11-02T23:33:03.530+0000] {standard_task_runner.py:72} INFO - Started process 1588 to run task
[2024-11-02T23:33:03.531+0000] {standard_task_runner.py:104} INFO - Running: ['***', 'tasks', 'run', 'load_sales_data_to_db', 'store_sales_data_raw', 'scheduled__2024-11-02T23:32:00+00:00', '--job-id', '220', '--raw', '--subdir', 'DAGS_FOLDER/raw/sales.py', '--cfg-path', '/tmp/tmpvx1c7ebx']
[2024-11-02T23:33:03.532+0000] {standard_task_runner.py:105} INFO - Job 220: Subtask store_sales_data_raw
[2024-11-02T23:33:03.570+0000] {task_command.py:467} INFO - Running <TaskInstance: load_sales_data_to_db.store_sales_data_raw scheduled__2024-11-02T23:32:00+00:00 [running]> on host f05559d9e656
[2024-11-02T23:33:03.624+0000] {taskinstance.py:3131} INFO - Exporting env vars: AIRFLOW_CTX_DAG_OWNER='***' AIRFLOW_CTX_DAG_ID='load_sales_data_to_db' AIRFLOW_CTX_TASK_ID='store_sales_data_raw' AIRFLOW_CTX_EXECUTION_DATE='2024-11-02T23:32:00+00:00' AIRFLOW_CTX_TRY_NUMBER='1' AIRFLOW_CTX_DAG_RUN_ID='scheduled__2024-11-02T23:32:00+00:00'
[2024-11-02T23:33:03.625+0000] {logging_mixin.py:190} INFO - Task instance is in running state
[2024-11-02T23:33:03.625+0000] {logging_mixin.py:190} INFO -  Previous state of the Task instance: queued
[2024-11-02T23:33:03.626+0000] {logging_mixin.py:190} INFO - Current task name:store_sales_data_raw state:running start_date:2024-11-02 23:33:03.510216+00:00
[2024-11-02T23:33:03.626+0000] {logging_mixin.py:190} INFO - Dag name:load_sales_data_to_db and current dag run status:running
[2024-11-02T23:33:03.627+0000] {taskinstance.py:731} INFO - ::endgroup::
[2024-11-02T23:33:03.701+0000] {sales.py:91} INFO - Data successfully inserted into DuckDB raw_layer.sales table.
[2024-11-02T23:33:03.728+0000] {sales.py:98} INFO - Closed DuckDB connection.
[2024-11-02T23:33:03.728+0000] {python.py:240} INFO - Done. Returned value was: None
[2024-11-02T23:33:03.735+0000] {taskinstance.py:340} INFO - ::group::Post task execution logs
[2024-11-02T23:33:03.736+0000] {taskinstance.py:352} INFO - Marking task as SUCCESS. dag_id=load_sales_data_to_db, task_id=store_sales_data_raw, run_id=scheduled__2024-11-02T23:32:00+00:00, execution_date=20241102T233200, start_date=20241102T233303, end_date=20241102T233303
[2024-11-02T23:33:03.744+0000] {logging_mixin.py:190} INFO - Task instance in success state
[2024-11-02T23:33:03.745+0000] {logging_mixin.py:190} INFO -  Previous state of the Task instance: running
[2024-11-02T23:33:03.745+0000] {logging_mixin.py:190} INFO - Dag name:load_sales_data_to_db queued_at:2024-11-02 23:33:00.131065+00:00
[2024-11-02T23:33:03.746+0000] {logging_mixin.py:190} INFO - Task hostname:f05559d9e656 operator:PythonOperator
[2024-11-02T23:33:03.788+0000] {local_task_job_runner.py:266} INFO - Task exited with return code 0
[2024-11-02T23:33:03.801+0000] {taskinstance.py:3900} INFO - 0 downstream tasks scheduled from follow-on schedule check
[2024-11-02T23:33:03.804+0000] {local_task_job_runner.py:245} INFO - ::endgroup::
