[2024-11-03T03:33:01.184+0000] {local_task_job_runner.py:123} INFO - ::group::Pre task execution logs
[2024-11-03T03:33:01.191+0000] {taskinstance.py:2612} INFO - Dependencies all met for dep_context=non-requeueable deps ti=<TaskInstance: load_sales_data_to_db.fetch_sales_data_raw scheduled__2024-11-03T03:32:00+00:00 [queued]>
[2024-11-03T03:33:01.196+0000] {taskinstance.py:2612} INFO - Dependencies all met for dep_context=requeueable deps ti=<TaskInstance: load_sales_data_to_db.fetch_sales_data_raw scheduled__2024-11-03T03:32:00+00:00 [queued]>
[2024-11-03T03:33:01.197+0000] {taskinstance.py:2865} INFO - Starting attempt 1 of 2
[2024-11-03T03:33:01.203+0000] {taskinstance.py:2888} INFO - Executing <Task(PythonOperator): fetch_sales_data_raw> on 2024-11-03 03:32:00+00:00
[2024-11-03T03:33:01.206+0000] {warnings.py:112} WARNING - /home/***/.local/lib/python3.12/site-packages/***/task/task_runner/standard_task_runner.py:70: DeprecationWarning: This process (pid=191) is multi-threaded, use of fork() may lead to deadlocks in the child.
  pid = os.fork()

[2024-11-03T03:33:01.207+0000] {standard_task_runner.py:72} INFO - Started process 196 to run task
[2024-11-03T03:33:01.207+0000] {standard_task_runner.py:104} INFO - Running: ['***', 'tasks', 'run', 'load_sales_data_to_db', 'fetch_sales_data_raw', 'scheduled__2024-11-03T03:32:00+00:00', '--job-id', '64', '--raw', '--subdir', 'DAGS_FOLDER/dags/raw/dag_load_sales_data_to_db.py', '--cfg-path', '/tmp/tmptedxpix9']
[2024-11-03T03:33:01.208+0000] {standard_task_runner.py:105} INFO - Job 64: Subtask fetch_sales_data_raw
[2024-11-03T03:33:01.233+0000] {task_command.py:467} INFO - Running <TaskInstance: load_sales_data_to_db.fetch_sales_data_raw scheduled__2024-11-03T03:32:00+00:00 [running]> on host 95e07e9b3f95
[2024-11-03T03:33:01.270+0000] {taskinstance.py:3131} INFO - Exporting env vars: AIRFLOW_CTX_DAG_OWNER='***' AIRFLOW_CTX_DAG_ID='load_sales_data_to_db' AIRFLOW_CTX_TASK_ID='fetch_sales_data_raw' AIRFLOW_CTX_EXECUTION_DATE='2024-11-03T03:32:00+00:00' AIRFLOW_CTX_TRY_NUMBER='1' AIRFLOW_CTX_DAG_RUN_ID='scheduled__2024-11-03T03:32:00+00:00'
[2024-11-03T03:33:01.271+0000] {logging_mixin.py:190} INFO - Task instance is in running state
[2024-11-03T03:33:01.271+0000] {logging_mixin.py:190} INFO -  Previous state of the Task instance: queued
[2024-11-03T03:33:01.271+0000] {logging_mixin.py:190} INFO - Current task name:fetch_sales_data_raw state:running start_date:2024-11-03 03:33:01.191959+00:00
[2024-11-03T03:33:01.271+0000] {logging_mixin.py:190} INFO - Dag name:load_sales_data_to_db and current dag run status:running
[2024-11-03T03:33:01.272+0000] {taskinstance.py:731} INFO - ::endgroup::
[2024-11-03T03:33:02.655+0000] {raw_fetch_sales_api.py:27} INFO - Successfully fetched sales data from the API.
[2024-11-03T03:33:02.664+0000] {python.py:240} INFO - Done. Returned value was: None
[2024-11-03T03:33:02.669+0000] {taskinstance.py:340} INFO - ::group::Post task execution logs
[2024-11-03T03:33:02.670+0000] {taskinstance.py:352} INFO - Marking task as SUCCESS. dag_id=load_sales_data_to_db, task_id=fetch_sales_data_raw, run_id=scheduled__2024-11-03T03:32:00+00:00, execution_date=20241103T033200, start_date=20241103T033301, end_date=20241103T033302
[2024-11-03T03:33:02.675+0000] {logging_mixin.py:190} INFO - Task instance in success state
[2024-11-03T03:33:02.675+0000] {logging_mixin.py:190} INFO -  Previous state of the Task instance: running
[2024-11-03T03:33:02.676+0000] {logging_mixin.py:190} INFO - Dag name:load_sales_data_to_db queued_at:2024-11-03 03:33:00.541373+00:00
[2024-11-03T03:33:02.676+0000] {logging_mixin.py:190} INFO - Task hostname:95e07e9b3f95 operator:PythonOperator
[2024-11-03T03:33:02.691+0000] {local_task_job_runner.py:266} INFO - Task exited with return code 0
[2024-11-03T03:33:02.703+0000] {taskinstance.py:3900} INFO - 1 downstream tasks scheduled from follow-on schedule check
[2024-11-03T03:33:02.704+0000] {local_task_job_runner.py:245} INFO - ::endgroup::
