[2024-11-03T03:28:05.148+0000] {local_task_job_runner.py:123} INFO - ::group::Pre task execution logs
[2024-11-03T03:28:05.163+0000] {taskinstance.py:2612} INFO - Dependencies all met for dep_context=non-requeueable deps ti=<TaskInstance: load_sales_data_to_db.fetch_sales_data_raw scheduled__2024-11-03T03:27:00+00:00 [queued]>
[2024-11-03T03:28:05.167+0000] {taskinstance.py:2612} INFO - Dependencies all met for dep_context=requeueable deps ti=<TaskInstance: load_sales_data_to_db.fetch_sales_data_raw scheduled__2024-11-03T03:27:00+00:00 [queued]>
[2024-11-03T03:28:05.167+0000] {taskinstance.py:2865} INFO - Starting attempt 1 of 2
[2024-11-03T03:28:05.174+0000] {taskinstance.py:2888} INFO - Executing <Task(PythonOperator): fetch_sales_data_raw> on 2024-11-03 03:27:00+00:00
[2024-11-03T03:28:05.179+0000] {warnings.py:112} WARNING - /home/***/.local/lib/python3.12/site-packages/***/task/task_runner/standard_task_runner.py:70: DeprecationWarning: This process (pid=45) is multi-threaded, use of fork() may lead to deadlocks in the child.
  pid = os.fork()

[2024-11-03T03:28:05.180+0000] {standard_task_runner.py:72} INFO - Started process 50 to run task
[2024-11-03T03:28:05.180+0000] {standard_task_runner.py:104} INFO - Running: ['***', 'tasks', 'run', 'load_sales_data_to_db', 'fetch_sales_data_raw', 'scheduled__2024-11-03T03:27:00+00:00', '--job-id', '54', '--raw', '--subdir', 'DAGS_FOLDER/dags/raw/dag_load_sales_data_to_db.py', '--cfg-path', '/tmp/tmpnpsxletj']
[2024-11-03T03:28:05.181+0000] {standard_task_runner.py:105} INFO - Job 54: Subtask fetch_sales_data_raw
[2024-11-03T03:28:05.213+0000] {task_command.py:467} INFO - Running <TaskInstance: load_sales_data_to_db.fetch_sales_data_raw scheduled__2024-11-03T03:27:00+00:00 [running]> on host 95e07e9b3f95
[2024-11-03T03:28:05.261+0000] {taskinstance.py:3131} INFO - Exporting env vars: AIRFLOW_CTX_DAG_OWNER='***' AIRFLOW_CTX_DAG_ID='load_sales_data_to_db' AIRFLOW_CTX_TASK_ID='fetch_sales_data_raw' AIRFLOW_CTX_EXECUTION_DATE='2024-11-03T03:27:00+00:00' AIRFLOW_CTX_TRY_NUMBER='1' AIRFLOW_CTX_DAG_RUN_ID='scheduled__2024-11-03T03:27:00+00:00'
[2024-11-03T03:28:05.262+0000] {logging_mixin.py:190} INFO - Task instance is in running state
[2024-11-03T03:28:05.262+0000] {logging_mixin.py:190} INFO -  Previous state of the Task instance: queued
[2024-11-03T03:28:05.262+0000] {logging_mixin.py:190} INFO - Current task name:fetch_sales_data_raw state:running start_date:2024-11-03 03:28:05.163452+00:00
[2024-11-03T03:28:05.262+0000] {logging_mixin.py:190} INFO - Dag name:load_sales_data_to_db and current dag run status:running
[2024-11-03T03:28:05.263+0000] {taskinstance.py:731} INFO - ::endgroup::
[2024-11-03T03:28:06.489+0000] {raw_fetch_sales_api.py:27} INFO - Successfully fetched sales data from the API.
[2024-11-03T03:28:06.498+0000] {python.py:240} INFO - Done. Returned value was: None
[2024-11-03T03:28:06.504+0000] {taskinstance.py:340} INFO - ::group::Post task execution logs
[2024-11-03T03:28:06.505+0000] {taskinstance.py:352} INFO - Marking task as SUCCESS. dag_id=load_sales_data_to_db, task_id=fetch_sales_data_raw, run_id=scheduled__2024-11-03T03:27:00+00:00, execution_date=20241103T032700, start_date=20241103T032805, end_date=20241103T032806
[2024-11-03T03:28:06.510+0000] {logging_mixin.py:190} INFO - Task instance in success state
[2024-11-03T03:28:06.510+0000] {logging_mixin.py:190} INFO -  Previous state of the Task instance: running
[2024-11-03T03:28:06.511+0000] {logging_mixin.py:190} INFO - Dag name:load_sales_data_to_db queued_at:2024-11-03 03:28:03.005284+00:00
[2024-11-03T03:28:06.511+0000] {logging_mixin.py:190} INFO - Task hostname:95e07e9b3f95 operator:PythonOperator
[2024-11-03T03:28:06.522+0000] {local_task_job_runner.py:266} INFO - Task exited with return code 0
[2024-11-03T03:28:06.534+0000] {taskinstance.py:3900} INFO - 1 downstream tasks scheduled from follow-on schedule check
[2024-11-03T03:28:06.535+0000] {local_task_job_runner.py:245} INFO - ::endgroup::
