[2024-11-03T03:53:57.432+0000] {processor.py:186} INFO - Started process (PID=28) to work on /opt/airflow/dags/raw/dag_load_sales_data_to_db.py
[2024-11-03T03:53:57.433+0000] {processor.py:914} INFO - Processing file /opt/airflow/dags/raw/dag_load_sales_data_to_db.py for tasks to queue
[2024-11-03T03:53:57.434+0000] {logging_mixin.py:190} INFO - [2024-11-03T03:53:57.434+0000] {dagbag.py:588} INFO - Filling up the DagBag from /opt/airflow/dags/raw/dag_load_sales_data_to_db.py
[2024-11-03T03:53:57.482+0000] {logging_mixin.py:190} INFO - [2024-11-03T03:53:57.478+0000] {dagbag.py:387} ERROR - Failed to import: /opt/airflow/dags/raw/dag_load_sales_data_to_db.py
Traceback (most recent call last):
  File "/home/airflow/.local/lib/python3.12/site-packages/airflow/models/dagbag.py", line 383, in parse
    loader.exec_module(new_module)
  File "<frozen importlib._bootstrap_external>", line 995, in exec_module
  File "<frozen importlib._bootstrap>", line 488, in _call_with_frames_removed
  File "/opt/airflow/dags/raw/dag_load_sales_data_to_db.py", line 9, in <module>
    from ..logic import raw_fetch_sales_api as rfsa
ImportError: attempted relative import with no known parent package
[2024-11-03T03:53:57.482+0000] {processor.py:927} WARNING - No viable dags retrieved from /opt/airflow/dags/raw/dag_load_sales_data_to_db.py
[2024-11-03T03:53:57.500+0000] {processor.py:208} INFO - Processing /opt/airflow/dags/raw/dag_load_sales_data_to_db.py took 0.072 seconds
[2024-11-03T03:54:28.066+0000] {processor.py:186} INFO - Started process (PID=94) to work on /opt/airflow/dags/raw/dag_load_sales_data_to_db.py
[2024-11-03T03:54:28.066+0000] {processor.py:914} INFO - Processing file /opt/airflow/dags/raw/dag_load_sales_data_to_db.py for tasks to queue
[2024-11-03T03:54:28.068+0000] {logging_mixin.py:190} INFO - [2024-11-03T03:54:28.067+0000] {dagbag.py:588} INFO - Filling up the DagBag from /opt/airflow/dags/raw/dag_load_sales_data_to_db.py
[2024-11-03T03:54:28.101+0000] {logging_mixin.py:190} INFO - [2024-11-03T03:54:28.097+0000] {dagbag.py:387} ERROR - Failed to import: /opt/airflow/dags/raw/dag_load_sales_data_to_db.py
Traceback (most recent call last):
  File "/home/airflow/.local/lib/python3.12/site-packages/airflow/models/dagbag.py", line 383, in parse
    loader.exec_module(new_module)
  File "<frozen importlib._bootstrap_external>", line 995, in exec_module
  File "<frozen importlib._bootstrap>", line 488, in _call_with_frames_removed
  File "/opt/airflow/dags/raw/dag_load_sales_data_to_db.py", line 9, in <module>
    from ..logic import raw_fetch_sales_api as rfsa
ImportError: attempted relative import with no known parent package
[2024-11-03T03:54:28.101+0000] {processor.py:927} WARNING - No viable dags retrieved from /opt/airflow/dags/raw/dag_load_sales_data_to_db.py
[2024-11-03T03:54:28.114+0000] {processor.py:208} INFO - Processing /opt/airflow/dags/raw/dag_load_sales_data_to_db.py took 0.052 seconds
[2024-11-03T03:54:58.299+0000] {processor.py:186} INFO - Started process (PID=160) to work on /opt/airflow/dags/raw/dag_load_sales_data_to_db.py
[2024-11-03T03:54:58.299+0000] {processor.py:914} INFO - Processing file /opt/airflow/dags/raw/dag_load_sales_data_to_db.py for tasks to queue
[2024-11-03T03:54:58.301+0000] {logging_mixin.py:190} INFO - [2024-11-03T03:54:58.301+0000] {dagbag.py:588} INFO - Filling up the DagBag from /opt/airflow/dags/raw/dag_load_sales_data_to_db.py
[2024-11-03T03:54:58.334+0000] {logging_mixin.py:190} INFO - [2024-11-03T03:54:58.331+0000] {dagbag.py:387} ERROR - Failed to import: /opt/airflow/dags/raw/dag_load_sales_data_to_db.py
Traceback (most recent call last):
  File "/home/airflow/.local/lib/python3.12/site-packages/airflow/models/dagbag.py", line 383, in parse
    loader.exec_module(new_module)
  File "<frozen importlib._bootstrap_external>", line 995, in exec_module
  File "<frozen importlib._bootstrap>", line 488, in _call_with_frames_removed
  File "/opt/airflow/dags/raw/dag_load_sales_data_to_db.py", line 9, in <module>
    from ..logic import raw_fetch_sales_api as rfsa
ImportError: attempted relative import with no known parent package
[2024-11-03T03:54:58.335+0000] {processor.py:927} WARNING - No viable dags retrieved from /opt/airflow/dags/raw/dag_load_sales_data_to_db.py
[2024-11-03T03:54:58.347+0000] {processor.py:208} INFO - Processing /opt/airflow/dags/raw/dag_load_sales_data_to_db.py took 0.052 seconds
[2024-11-03T03:55:46.363+0000] {processor.py:186} INFO - Started process (PID=28) to work on /opt/airflow/dags/raw/dag_load_sales_data_to_db.py
[2024-11-03T03:55:46.363+0000] {processor.py:914} INFO - Processing file /opt/airflow/dags/raw/dag_load_sales_data_to_db.py for tasks to queue
[2024-11-03T03:55:46.365+0000] {logging_mixin.py:190} INFO - [2024-11-03T03:55:46.365+0000] {dagbag.py:588} INFO - Filling up the DagBag from /opt/airflow/dags/raw/dag_load_sales_data_to_db.py
[2024-11-03T03:55:46.402+0000] {logging_mixin.py:190} INFO - [2024-11-03T03:55:46.399+0000] {dagbag.py:387} ERROR - Failed to import: /opt/airflow/dags/raw/dag_load_sales_data_to_db.py
Traceback (most recent call last):
  File "/home/airflow/.local/lib/python3.12/site-packages/airflow/models/dagbag.py", line 383, in parse
    loader.exec_module(new_module)
  File "<frozen importlib._bootstrap_external>", line 995, in exec_module
  File "<frozen importlib._bootstrap>", line 488, in _call_with_frames_removed
  File "/opt/airflow/dags/raw/dag_load_sales_data_to_db.py", line 9, in <module>
    from ..logic import raw_fetch_sales_api as rfsa
ImportError: attempted relative import with no known parent package
[2024-11-03T03:55:46.402+0000] {processor.py:927} WARNING - No viable dags retrieved from /opt/airflow/dags/raw/dag_load_sales_data_to_db.py
[2024-11-03T03:55:46.413+0000] {processor.py:208} INFO - Processing /opt/airflow/dags/raw/dag_load_sales_data_to_db.py took 0.054 seconds
[2024-11-03T03:56:16.881+0000] {processor.py:186} INFO - Started process (PID=94) to work on /opt/airflow/dags/raw/dag_load_sales_data_to_db.py
[2024-11-03T03:56:16.882+0000] {processor.py:914} INFO - Processing file /opt/airflow/dags/raw/dag_load_sales_data_to_db.py for tasks to queue
[2024-11-03T03:56:16.884+0000] {logging_mixin.py:190} INFO - [2024-11-03T03:56:16.883+0000] {dagbag.py:588} INFO - Filling up the DagBag from /opt/airflow/dags/raw/dag_load_sales_data_to_db.py
[2024-11-03T03:56:16.916+0000] {logging_mixin.py:190} INFO - [2024-11-03T03:56:16.913+0000] {dagbag.py:387} ERROR - Failed to import: /opt/airflow/dags/raw/dag_load_sales_data_to_db.py
Traceback (most recent call last):
  File "/home/airflow/.local/lib/python3.12/site-packages/airflow/models/dagbag.py", line 383, in parse
    loader.exec_module(new_module)
  File "<frozen importlib._bootstrap_external>", line 995, in exec_module
  File "<frozen importlib._bootstrap>", line 488, in _call_with_frames_removed
  File "/opt/airflow/dags/raw/dag_load_sales_data_to_db.py", line 9, in <module>
    from ..logic import raw_fetch_sales_api as rfsa
ImportError: attempted relative import with no known parent package
[2024-11-03T03:56:16.916+0000] {processor.py:927} WARNING - No viable dags retrieved from /opt/airflow/dags/raw/dag_load_sales_data_to_db.py
[2024-11-03T03:56:16.929+0000] {processor.py:208} INFO - Processing /opt/airflow/dags/raw/dag_load_sales_data_to_db.py took 0.053 seconds
[2024-11-03T03:56:37.970+0000] {processor.py:186} INFO - Started process (PID=160) to work on /opt/airflow/dags/raw/dag_load_sales_data_to_db.py
[2024-11-03T03:56:37.970+0000] {processor.py:914} INFO - Processing file /opt/airflow/dags/raw/dag_load_sales_data_to_db.py for tasks to queue
[2024-11-03T03:56:37.973+0000] {logging_mixin.py:190} INFO - [2024-11-03T03:56:37.972+0000] {dagbag.py:588} INFO - Filling up the DagBag from /opt/airflow/dags/raw/dag_load_sales_data_to_db.py
[2024-11-03T03:56:38.053+0000] {processor.py:925} INFO - DAG(s) 'load_sales_data_to_db' retrieved from /opt/airflow/dags/raw/dag_load_sales_data_to_db.py
[2024-11-03T03:56:38.115+0000] {logging_mixin.py:190} INFO - [2024-11-03T03:56:38.115+0000] {dag.py:3239} INFO - Sync 1 DAGs
[2024-11-03T03:56:38.132+0000] {logging_mixin.py:190} INFO - [2024-11-03T03:56:38.131+0000] {dag.py:4180} INFO - Setting next_dagrun for load_sales_data_to_db to 2024-11-03 03:55:00+00:00, run_after=2024-11-03 03:56:00+00:00
[2024-11-03T03:56:38.155+0000] {processor.py:208} INFO - Processing /opt/airflow/dags/raw/dag_load_sales_data_to_db.py took 0.189 seconds
[2024-11-03T03:57:01.328+0000] {processor.py:186} INFO - Started process (PID=228) to work on /opt/airflow/dags/raw/dag_load_sales_data_to_db.py
[2024-11-03T03:57:01.330+0000] {processor.py:914} INFO - Processing file /opt/airflow/dags/raw/dag_load_sales_data_to_db.py for tasks to queue
[2024-11-03T03:57:01.332+0000] {logging_mixin.py:190} INFO - [2024-11-03T03:57:01.331+0000] {dagbag.py:588} INFO - Filling up the DagBag from /opt/airflow/dags/raw/dag_load_sales_data_to_db.py
[2024-11-03T03:57:01.380+0000] {processor.py:925} INFO - DAG(s) 'load_sales_data_to_db' retrieved from /opt/airflow/dags/raw/dag_load_sales_data_to_db.py
[2024-11-03T03:57:01.390+0000] {logging_mixin.py:190} INFO - [2024-11-03T03:57:01.389+0000] {dag.py:3239} INFO - Sync 1 DAGs
[2024-11-03T03:57:01.403+0000] {logging_mixin.py:190} INFO - [2024-11-03T03:57:01.403+0000] {dag.py:4180} INFO - Setting next_dagrun for load_sales_data_to_db to 2024-11-03 03:57:00+00:00, run_after=2024-11-03 03:58:00+00:00
[2024-11-03T03:57:01.419+0000] {processor.py:208} INFO - Processing /opt/airflow/dags/raw/dag_load_sales_data_to_db.py took 0.095 seconds
[2024-11-03T03:57:31.514+0000] {processor.py:186} INFO - Started process (PID=294) to work on /opt/airflow/dags/raw/dag_load_sales_data_to_db.py
[2024-11-03T03:57:31.515+0000] {processor.py:914} INFO - Processing file /opt/airflow/dags/raw/dag_load_sales_data_to_db.py for tasks to queue
[2024-11-03T03:57:31.516+0000] {logging_mixin.py:190} INFO - [2024-11-03T03:57:31.516+0000] {dagbag.py:588} INFO - Filling up the DagBag from /opt/airflow/dags/raw/dag_load_sales_data_to_db.py
[2024-11-03T03:57:31.563+0000] {processor.py:925} INFO - DAG(s) 'load_sales_data_to_db' retrieved from /opt/airflow/dags/raw/dag_load_sales_data_to_db.py
[2024-11-03T03:57:31.574+0000] {logging_mixin.py:190} INFO - [2024-11-03T03:57:31.574+0000] {dag.py:3239} INFO - Sync 1 DAGs
[2024-11-03T03:57:31.587+0000] {logging_mixin.py:190} INFO - [2024-11-03T03:57:31.586+0000] {dag.py:4180} INFO - Setting next_dagrun for load_sales_data_to_db to 2024-11-03 03:57:00+00:00, run_after=2024-11-03 03:58:00+00:00
[2024-11-03T03:57:31.597+0000] {processor.py:208} INFO - Processing /opt/airflow/dags/raw/dag_load_sales_data_to_db.py took 0.086 seconds
[2024-11-03T03:58:01.645+0000] {processor.py:186} INFO - Started process (PID=360) to work on /opt/airflow/dags/raw/dag_load_sales_data_to_db.py
[2024-11-03T03:58:01.645+0000] {processor.py:914} INFO - Processing file /opt/airflow/dags/raw/dag_load_sales_data_to_db.py for tasks to queue
[2024-11-03T03:58:01.647+0000] {logging_mixin.py:190} INFO - [2024-11-03T03:58:01.646+0000] {dagbag.py:588} INFO - Filling up the DagBag from /opt/airflow/dags/raw/dag_load_sales_data_to_db.py
[2024-11-03T03:58:01.692+0000] {processor.py:925} INFO - DAG(s) 'load_sales_data_to_db' retrieved from /opt/airflow/dags/raw/dag_load_sales_data_to_db.py
[2024-11-03T03:58:01.706+0000] {logging_mixin.py:190} INFO - [2024-11-03T03:58:01.706+0000] {dag.py:3239} INFO - Sync 1 DAGs
[2024-11-03T03:58:01.724+0000] {logging_mixin.py:190} INFO - [2024-11-03T03:58:01.724+0000] {dag.py:4180} INFO - Setting next_dagrun for load_sales_data_to_db to 2024-11-03 03:58:00+00:00, run_after=2024-11-03 03:59:00+00:00
[2024-11-03T03:58:01.735+0000] {processor.py:208} INFO - Processing /opt/airflow/dags/raw/dag_load_sales_data_to_db.py took 0.094 seconds
[2024-11-03T03:58:31.768+0000] {processor.py:186} INFO - Started process (PID=426) to work on /opt/airflow/dags/raw/dag_load_sales_data_to_db.py
[2024-11-03T03:58:31.769+0000] {processor.py:914} INFO - Processing file /opt/airflow/dags/raw/dag_load_sales_data_to_db.py for tasks to queue
[2024-11-03T03:58:31.771+0000] {logging_mixin.py:190} INFO - [2024-11-03T03:58:31.771+0000] {dagbag.py:588} INFO - Filling up the DagBag from /opt/airflow/dags/raw/dag_load_sales_data_to_db.py
[2024-11-03T03:58:31.817+0000] {processor.py:925} INFO - DAG(s) 'load_sales_data_to_db' retrieved from /opt/airflow/dags/raw/dag_load_sales_data_to_db.py
[2024-11-03T03:58:31.828+0000] {logging_mixin.py:190} INFO - [2024-11-03T03:58:31.828+0000] {dag.py:3239} INFO - Sync 1 DAGs
[2024-11-03T03:58:31.839+0000] {logging_mixin.py:190} INFO - [2024-11-03T03:58:31.839+0000] {dag.py:4180} INFO - Setting next_dagrun for load_sales_data_to_db to 2024-11-03 03:58:00+00:00, run_after=2024-11-03 03:59:00+00:00
[2024-11-03T03:58:31.848+0000] {processor.py:208} INFO - Processing /opt/airflow/dags/raw/dag_load_sales_data_to_db.py took 0.083 seconds
[2024-11-03T03:59:01.949+0000] {processor.py:186} INFO - Started process (PID=492) to work on /opt/airflow/dags/raw/dag_load_sales_data_to_db.py
[2024-11-03T03:59:01.949+0000] {processor.py:914} INFO - Processing file /opt/airflow/dags/raw/dag_load_sales_data_to_db.py for tasks to queue
[2024-11-03T03:59:01.951+0000] {logging_mixin.py:190} INFO - [2024-11-03T03:59:01.950+0000] {dagbag.py:588} INFO - Filling up the DagBag from /opt/airflow/dags/raw/dag_load_sales_data_to_db.py
[2024-11-03T03:59:01.989+0000] {processor.py:925} INFO - DAG(s) 'load_sales_data_to_db' retrieved from /opt/airflow/dags/raw/dag_load_sales_data_to_db.py
[2024-11-03T03:59:01.999+0000] {logging_mixin.py:190} INFO - [2024-11-03T03:59:01.999+0000] {dag.py:3239} INFO - Sync 1 DAGs
[2024-11-03T03:59:02.011+0000] {logging_mixin.py:190} INFO - [2024-11-03T03:59:02.011+0000] {dag.py:4180} INFO - Setting next_dagrun for load_sales_data_to_db to 2024-11-03 03:59:00+00:00, run_after=2024-11-03 04:00:00+00:00
[2024-11-03T03:59:02.020+0000] {processor.py:208} INFO - Processing /opt/airflow/dags/raw/dag_load_sales_data_to_db.py took 0.074 seconds
[2024-11-03T03:59:32.181+0000] {processor.py:186} INFO - Started process (PID=558) to work on /opt/airflow/dags/raw/dag_load_sales_data_to_db.py
[2024-11-03T03:59:32.181+0000] {processor.py:914} INFO - Processing file /opt/airflow/dags/raw/dag_load_sales_data_to_db.py for tasks to queue
[2024-11-03T03:59:32.183+0000] {logging_mixin.py:190} INFO - [2024-11-03T03:59:32.182+0000] {dagbag.py:588} INFO - Filling up the DagBag from /opt/airflow/dags/raw/dag_load_sales_data_to_db.py
[2024-11-03T03:59:32.229+0000] {processor.py:925} INFO - DAG(s) 'load_sales_data_to_db' retrieved from /opt/airflow/dags/raw/dag_load_sales_data_to_db.py
[2024-11-03T03:59:32.241+0000] {logging_mixin.py:190} INFO - [2024-11-03T03:59:32.240+0000] {dag.py:3239} INFO - Sync 1 DAGs
[2024-11-03T03:59:32.254+0000] {logging_mixin.py:190} INFO - [2024-11-03T03:59:32.254+0000] {dag.py:4180} INFO - Setting next_dagrun for load_sales_data_to_db to 2024-11-03 03:59:00+00:00, run_after=2024-11-03 04:00:00+00:00
[2024-11-03T03:59:32.265+0000] {processor.py:208} INFO - Processing /opt/airflow/dags/raw/dag_load_sales_data_to_db.py took 0.088 seconds
[2024-11-03T04:00:03.270+0000] {processor.py:186} INFO - Started process (PID=625) to work on /opt/airflow/dags/raw/dag_load_sales_data_to_db.py
[2024-11-03T04:00:03.271+0000] {processor.py:914} INFO - Processing file /opt/airflow/dags/raw/dag_load_sales_data_to_db.py for tasks to queue
[2024-11-03T04:00:03.272+0000] {logging_mixin.py:190} INFO - [2024-11-03T04:00:03.272+0000] {dagbag.py:588} INFO - Filling up the DagBag from /opt/airflow/dags/raw/dag_load_sales_data_to_db.py
[2024-11-03T04:00:03.311+0000] {processor.py:925} INFO - DAG(s) 'load_sales_data_to_db' retrieved from /opt/airflow/dags/raw/dag_load_sales_data_to_db.py
[2024-11-03T04:00:03.321+0000] {logging_mixin.py:190} INFO - [2024-11-03T04:00:03.321+0000] {dag.py:3239} INFO - Sync 1 DAGs
[2024-11-03T04:00:03.332+0000] {logging_mixin.py:190} INFO - [2024-11-03T04:00:03.332+0000] {dag.py:4180} INFO - Setting next_dagrun for load_sales_data_to_db to 2024-11-03 04:00:00+00:00, run_after=2024-11-03 04:01:00+00:00
[2024-11-03T04:00:03.342+0000] {processor.py:208} INFO - Processing /opt/airflow/dags/raw/dag_load_sales_data_to_db.py took 0.075 seconds
[2024-11-03T04:00:34.330+0000] {processor.py:186} INFO - Started process (PID=691) to work on /opt/airflow/dags/raw/dag_load_sales_data_to_db.py
[2024-11-03T04:00:34.331+0000] {processor.py:914} INFO - Processing file /opt/airflow/dags/raw/dag_load_sales_data_to_db.py for tasks to queue
[2024-11-03T04:00:34.333+0000] {logging_mixin.py:190} INFO - [2024-11-03T04:00:34.332+0000] {dagbag.py:588} INFO - Filling up the DagBag from /opt/airflow/dags/raw/dag_load_sales_data_to_db.py
[2024-11-03T04:00:34.407+0000] {processor.py:925} INFO - DAG(s) 'load_sales_data_to_db' retrieved from /opt/airflow/dags/raw/dag_load_sales_data_to_db.py
[2024-11-03T04:00:34.419+0000] {logging_mixin.py:190} INFO - [2024-11-03T04:00:34.419+0000] {dag.py:3239} INFO - Sync 1 DAGs
[2024-11-03T04:00:34.431+0000] {logging_mixin.py:190} INFO - [2024-11-03T04:00:34.431+0000] {dag.py:4180} INFO - Setting next_dagrun for load_sales_data_to_db to 2024-11-03 04:00:00+00:00, run_after=2024-11-03 04:01:00+00:00
[2024-11-03T04:00:34.439+0000] {processor.py:208} INFO - Processing /opt/airflow/dags/raw/dag_load_sales_data_to_db.py took 0.113 seconds
[2024-11-03T04:01:04.625+0000] {processor.py:186} INFO - Started process (PID=761) to work on /opt/airflow/dags/raw/dag_load_sales_data_to_db.py
[2024-11-03T04:01:04.626+0000] {processor.py:914} INFO - Processing file /opt/airflow/dags/raw/dag_load_sales_data_to_db.py for tasks to queue
[2024-11-03T04:01:04.627+0000] {logging_mixin.py:190} INFO - [2024-11-03T04:01:04.627+0000] {dagbag.py:588} INFO - Filling up the DagBag from /opt/airflow/dags/raw/dag_load_sales_data_to_db.py
[2024-11-03T04:01:04.670+0000] {processor.py:925} INFO - DAG(s) 'load_sales_data_to_db' retrieved from /opt/airflow/dags/raw/dag_load_sales_data_to_db.py
[2024-11-03T04:01:04.680+0000] {logging_mixin.py:190} INFO - [2024-11-03T04:01:04.680+0000] {dag.py:3239} INFO - Sync 1 DAGs
[2024-11-03T04:01:04.691+0000] {logging_mixin.py:190} INFO - [2024-11-03T04:01:04.691+0000] {dag.py:4180} INFO - Setting next_dagrun for load_sales_data_to_db to 2024-11-03 04:01:00+00:00, run_after=2024-11-03 04:02:00+00:00
[2024-11-03T04:01:04.701+0000] {processor.py:208} INFO - Processing /opt/airflow/dags/raw/dag_load_sales_data_to_db.py took 0.079 seconds
[2024-11-03T04:01:34.828+0000] {processor.py:186} INFO - Started process (PID=835) to work on /opt/airflow/dags/raw/dag_load_sales_data_to_db.py
[2024-11-03T04:01:34.829+0000] {processor.py:914} INFO - Processing file /opt/airflow/dags/raw/dag_load_sales_data_to_db.py for tasks to queue
[2024-11-03T04:01:34.830+0000] {logging_mixin.py:190} INFO - [2024-11-03T04:01:34.830+0000] {dagbag.py:588} INFO - Filling up the DagBag from /opt/airflow/dags/raw/dag_load_sales_data_to_db.py
[2024-11-03T04:01:34.879+0000] {processor.py:925} INFO - DAG(s) 'load_sales_data_to_db' retrieved from /opt/airflow/dags/raw/dag_load_sales_data_to_db.py
[2024-11-03T04:01:34.890+0000] {logging_mixin.py:190} INFO - [2024-11-03T04:01:34.890+0000] {dag.py:3239} INFO - Sync 1 DAGs
[2024-11-03T04:01:34.902+0000] {logging_mixin.py:190} INFO - [2024-11-03T04:01:34.902+0000] {dag.py:4180} INFO - Setting next_dagrun for load_sales_data_to_db to 2024-11-03 04:01:00+00:00, run_after=2024-11-03 04:02:00+00:00
[2024-11-03T04:01:34.911+0000] {processor.py:208} INFO - Processing /opt/airflow/dags/raw/dag_load_sales_data_to_db.py took 0.086 seconds
[2024-11-03T04:02:05.173+0000] {processor.py:186} INFO - Started process (PID=905) to work on /opt/airflow/dags/raw/dag_load_sales_data_to_db.py
[2024-11-03T04:02:05.174+0000] {processor.py:914} INFO - Processing file /opt/airflow/dags/raw/dag_load_sales_data_to_db.py for tasks to queue
[2024-11-03T04:02:05.175+0000] {logging_mixin.py:190} INFO - [2024-11-03T04:02:05.175+0000] {dagbag.py:588} INFO - Filling up the DagBag from /opt/airflow/dags/raw/dag_load_sales_data_to_db.py
[2024-11-03T04:02:05.213+0000] {processor.py:925} INFO - DAG(s) 'load_sales_data_to_db' retrieved from /opt/airflow/dags/raw/dag_load_sales_data_to_db.py
[2024-11-03T04:02:05.223+0000] {logging_mixin.py:190} INFO - [2024-11-03T04:02:05.223+0000] {dag.py:3239} INFO - Sync 1 DAGs
[2024-11-03T04:02:05.234+0000] {logging_mixin.py:190} INFO - [2024-11-03T04:02:05.234+0000] {dag.py:4180} INFO - Setting next_dagrun for load_sales_data_to_db to 2024-11-03 04:02:00+00:00, run_after=2024-11-03 04:03:00+00:00
[2024-11-03T04:02:05.244+0000] {processor.py:208} INFO - Processing /opt/airflow/dags/raw/dag_load_sales_data_to_db.py took 0.075 seconds
[2024-11-03T04:02:35.338+0000] {processor.py:186} INFO - Started process (PID=979) to work on /opt/airflow/dags/raw/dag_load_sales_data_to_db.py
[2024-11-03T04:02:35.338+0000] {processor.py:914} INFO - Processing file /opt/airflow/dags/raw/dag_load_sales_data_to_db.py for tasks to queue
[2024-11-03T04:02:35.340+0000] {logging_mixin.py:190} INFO - [2024-11-03T04:02:35.340+0000] {dagbag.py:588} INFO - Filling up the DagBag from /opt/airflow/dags/raw/dag_load_sales_data_to_db.py
[2024-11-03T04:02:35.393+0000] {processor.py:925} INFO - DAG(s) 'load_sales_data_to_db' retrieved from /opt/airflow/dags/raw/dag_load_sales_data_to_db.py
[2024-11-03T04:02:35.404+0000] {logging_mixin.py:190} INFO - [2024-11-03T04:02:35.404+0000] {dag.py:3239} INFO - Sync 1 DAGs
[2024-11-03T04:02:35.418+0000] {logging_mixin.py:190} INFO - [2024-11-03T04:02:35.418+0000] {dag.py:4180} INFO - Setting next_dagrun for load_sales_data_to_db to 2024-11-03 04:02:00+00:00, run_after=2024-11-03 04:03:00+00:00
[2024-11-03T04:02:35.434+0000] {processor.py:208} INFO - Processing /opt/airflow/dags/raw/dag_load_sales_data_to_db.py took 0.100 seconds
[2024-11-03T04:03:05.468+0000] {processor.py:186} INFO - Started process (PID=1046) to work on /opt/airflow/dags/raw/dag_load_sales_data_to_db.py
[2024-11-03T04:03:05.469+0000] {processor.py:914} INFO - Processing file /opt/airflow/dags/raw/dag_load_sales_data_to_db.py for tasks to queue
[2024-11-03T04:03:05.471+0000] {logging_mixin.py:190} INFO - [2024-11-03T04:03:05.471+0000] {dagbag.py:588} INFO - Filling up the DagBag from /opt/airflow/dags/raw/dag_load_sales_data_to_db.py
[2024-11-03T04:03:05.513+0000] {processor.py:925} INFO - DAG(s) 'load_sales_data_to_db' retrieved from /opt/airflow/dags/raw/dag_load_sales_data_to_db.py
[2024-11-03T04:03:05.532+0000] {logging_mixin.py:190} INFO - [2024-11-03T04:03:05.531+0000] {dag.py:3239} INFO - Sync 1 DAGs
[2024-11-03T04:03:05.546+0000] {logging_mixin.py:190} INFO - [2024-11-03T04:03:05.545+0000] {dag.py:4180} INFO - Setting next_dagrun for load_sales_data_to_db to 2024-11-03 04:03:00+00:00, run_after=2024-11-03 04:04:00+00:00
[2024-11-03T04:03:05.556+0000] {processor.py:208} INFO - Processing /opt/airflow/dags/raw/dag_load_sales_data_to_db.py took 0.092 seconds
[2024-11-03T04:03:35.774+0000] {processor.py:186} INFO - Started process (PID=1124) to work on /opt/airflow/dags/raw/dag_load_sales_data_to_db.py
[2024-11-03T04:03:35.775+0000] {processor.py:914} INFO - Processing file /opt/airflow/dags/raw/dag_load_sales_data_to_db.py for tasks to queue
[2024-11-03T04:03:35.777+0000] {logging_mixin.py:190} INFO - [2024-11-03T04:03:35.776+0000] {dagbag.py:588} INFO - Filling up the DagBag from /opt/airflow/dags/raw/dag_load_sales_data_to_db.py
[2024-11-03T04:03:35.832+0000] {processor.py:925} INFO - DAG(s) 'load_sales_data_to_db' retrieved from /opt/airflow/dags/raw/dag_load_sales_data_to_db.py
[2024-11-03T04:03:35.843+0000] {logging_mixin.py:190} INFO - [2024-11-03T04:03:35.843+0000] {dag.py:3239} INFO - Sync 1 DAGs
[2024-11-03T04:03:35.856+0000] {logging_mixin.py:190} INFO - [2024-11-03T04:03:35.856+0000] {dag.py:4180} INFO - Setting next_dagrun for load_sales_data_to_db to 2024-11-03 04:03:00+00:00, run_after=2024-11-03 04:04:00+00:00
[2024-11-03T04:03:35.867+0000] {processor.py:208} INFO - Processing /opt/airflow/dags/raw/dag_load_sales_data_to_db.py took 0.097 seconds
[2024-11-03T04:04:06.000+0000] {processor.py:186} INFO - Started process (PID=1193) to work on /opt/airflow/dags/raw/dag_load_sales_data_to_db.py
[2024-11-03T04:04:06.001+0000] {processor.py:914} INFO - Processing file /opt/airflow/dags/raw/dag_load_sales_data_to_db.py for tasks to queue
[2024-11-03T04:04:06.002+0000] {logging_mixin.py:190} INFO - [2024-11-03T04:04:06.002+0000] {dagbag.py:588} INFO - Filling up the DagBag from /opt/airflow/dags/raw/dag_load_sales_data_to_db.py
[2024-11-03T04:04:06.043+0000] {processor.py:925} INFO - DAG(s) 'load_sales_data_to_db' retrieved from /opt/airflow/dags/raw/dag_load_sales_data_to_db.py
[2024-11-03T04:04:06.058+0000] {logging_mixin.py:190} INFO - [2024-11-03T04:04:06.057+0000] {dag.py:3239} INFO - Sync 1 DAGs
[2024-11-03T04:04:06.071+0000] {logging_mixin.py:190} INFO - [2024-11-03T04:04:06.070+0000] {dag.py:4180} INFO - Setting next_dagrun for load_sales_data_to_db to 2024-11-03 04:04:00+00:00, run_after=2024-11-03 04:05:00+00:00
[2024-11-03T04:04:06.081+0000] {processor.py:208} INFO - Processing /opt/airflow/dags/raw/dag_load_sales_data_to_db.py took 0.084 seconds
[2024-11-03T04:04:36.180+0000] {processor.py:186} INFO - Started process (PID=1264) to work on /opt/airflow/dags/raw/dag_load_sales_data_to_db.py
[2024-11-03T04:04:36.181+0000] {processor.py:914} INFO - Processing file /opt/airflow/dags/raw/dag_load_sales_data_to_db.py for tasks to queue
[2024-11-03T04:04:36.183+0000] {logging_mixin.py:190} INFO - [2024-11-03T04:04:36.183+0000] {dagbag.py:588} INFO - Filling up the DagBag from /opt/airflow/dags/raw/dag_load_sales_data_to_db.py
[2024-11-03T04:04:36.267+0000] {processor.py:925} INFO - DAG(s) 'load_sales_data_to_db' retrieved from /opt/airflow/dags/raw/dag_load_sales_data_to_db.py
[2024-11-03T04:04:36.282+0000] {logging_mixin.py:190} INFO - [2024-11-03T04:04:36.282+0000] {dag.py:3239} INFO - Sync 1 DAGs
[2024-11-03T04:04:36.294+0000] {logging_mixin.py:190} INFO - [2024-11-03T04:04:36.294+0000] {dag.py:4180} INFO - Setting next_dagrun for load_sales_data_to_db to 2024-11-03 04:04:00+00:00, run_after=2024-11-03 04:05:00+00:00
[2024-11-03T04:04:36.303+0000] {processor.py:208} INFO - Processing /opt/airflow/dags/raw/dag_load_sales_data_to_db.py took 0.126 seconds
[2024-11-03T04:05:06.386+0000] {processor.py:186} INFO - Started process (PID=1334) to work on /opt/airflow/dags/raw/dag_load_sales_data_to_db.py
[2024-11-03T04:05:06.386+0000] {processor.py:914} INFO - Processing file /opt/airflow/dags/raw/dag_load_sales_data_to_db.py for tasks to queue
[2024-11-03T04:05:06.388+0000] {logging_mixin.py:190} INFO - [2024-11-03T04:05:06.388+0000] {dagbag.py:588} INFO - Filling up the DagBag from /opt/airflow/dags/raw/dag_load_sales_data_to_db.py
[2024-11-03T04:05:06.474+0000] {processor.py:925} INFO - DAG(s) 'load_sales_data_to_db' retrieved from /opt/airflow/dags/raw/dag_load_sales_data_to_db.py
[2024-11-03T04:05:06.487+0000] {logging_mixin.py:190} INFO - [2024-11-03T04:05:06.487+0000] {dag.py:3239} INFO - Sync 1 DAGs
[2024-11-03T04:05:06.499+0000] {logging_mixin.py:190} INFO - [2024-11-03T04:05:06.499+0000] {dag.py:4180} INFO - Setting next_dagrun for load_sales_data_to_db to 2024-11-03 04:05:00+00:00, run_after=2024-11-03 04:06:00+00:00
[2024-11-03T04:05:06.507+0000] {processor.py:208} INFO - Processing /opt/airflow/dags/raw/dag_load_sales_data_to_db.py took 0.125 seconds
[2024-11-03T04:05:36.612+0000] {processor.py:186} INFO - Started process (PID=1405) to work on /opt/airflow/dags/raw/dag_load_sales_data_to_db.py
[2024-11-03T04:05:36.613+0000] {processor.py:914} INFO - Processing file /opt/airflow/dags/raw/dag_load_sales_data_to_db.py for tasks to queue
[2024-11-03T04:05:36.615+0000] {logging_mixin.py:190} INFO - [2024-11-03T04:05:36.615+0000] {dagbag.py:588} INFO - Filling up the DagBag from /opt/airflow/dags/raw/dag_load_sales_data_to_db.py
[2024-11-03T04:05:36.700+0000] {processor.py:925} INFO - DAG(s) 'load_sales_data_to_db' retrieved from /opt/airflow/dags/raw/dag_load_sales_data_to_db.py
[2024-11-03T04:05:36.716+0000] {logging_mixin.py:190} INFO - [2024-11-03T04:05:36.715+0000] {dag.py:3239} INFO - Sync 1 DAGs
[2024-11-03T04:05:36.728+0000] {logging_mixin.py:190} INFO - [2024-11-03T04:05:36.728+0000] {dag.py:4180} INFO - Setting next_dagrun for load_sales_data_to_db to 2024-11-03 04:05:00+00:00, run_after=2024-11-03 04:06:00+00:00
[2024-11-03T04:05:36.739+0000] {processor.py:208} INFO - Processing /opt/airflow/dags/raw/dag_load_sales_data_to_db.py took 0.130 seconds
[2024-11-03T04:06:06.838+0000] {processor.py:186} INFO - Started process (PID=1475) to work on /opt/airflow/dags/raw/dag_load_sales_data_to_db.py
[2024-11-03T04:06:06.839+0000] {processor.py:914} INFO - Processing file /opt/airflow/dags/raw/dag_load_sales_data_to_db.py for tasks to queue
[2024-11-03T04:06:06.841+0000] {logging_mixin.py:190} INFO - [2024-11-03T04:06:06.840+0000] {dagbag.py:588} INFO - Filling up the DagBag from /opt/airflow/dags/raw/dag_load_sales_data_to_db.py
[2024-11-03T04:06:06.895+0000] {processor.py:925} INFO - DAG(s) 'load_sales_data_to_db' retrieved from /opt/airflow/dags/raw/dag_load_sales_data_to_db.py
[2024-11-03T04:06:06.907+0000] {logging_mixin.py:190} INFO - [2024-11-03T04:06:06.907+0000] {dag.py:3239} INFO - Sync 1 DAGs
[2024-11-03T04:06:06.918+0000] {logging_mixin.py:190} INFO - [2024-11-03T04:06:06.918+0000] {dag.py:4180} INFO - Setting next_dagrun for load_sales_data_to_db to 2024-11-03 04:06:00+00:00, run_after=2024-11-03 04:07:00+00:00
[2024-11-03T04:06:06.927+0000] {processor.py:208} INFO - Processing /opt/airflow/dags/raw/dag_load_sales_data_to_db.py took 0.092 seconds
[2024-11-03T04:06:37.133+0000] {processor.py:186} INFO - Started process (PID=1545) to work on /opt/airflow/dags/raw/dag_load_sales_data_to_db.py
[2024-11-03T04:06:37.134+0000] {processor.py:914} INFO - Processing file /opt/airflow/dags/raw/dag_load_sales_data_to_db.py for tasks to queue
[2024-11-03T04:06:37.136+0000] {logging_mixin.py:190} INFO - [2024-11-03T04:06:37.136+0000] {dagbag.py:588} INFO - Filling up the DagBag from /opt/airflow/dags/raw/dag_load_sales_data_to_db.py
[2024-11-03T04:06:37.183+0000] {processor.py:925} INFO - DAG(s) 'load_sales_data_to_db' retrieved from /opt/airflow/dags/raw/dag_load_sales_data_to_db.py
[2024-11-03T04:06:37.195+0000] {logging_mixin.py:190} INFO - [2024-11-03T04:06:37.194+0000] {dag.py:3239} INFO - Sync 1 DAGs
[2024-11-03T04:06:37.207+0000] {logging_mixin.py:190} INFO - [2024-11-03T04:06:37.207+0000] {dag.py:4180} INFO - Setting next_dagrun for load_sales_data_to_db to 2024-11-03 04:06:00+00:00, run_after=2024-11-03 04:07:00+00:00
[2024-11-03T04:06:37.217+0000] {processor.py:208} INFO - Processing /opt/airflow/dags/raw/dag_load_sales_data_to_db.py took 0.088 seconds
[2024-11-03T04:07:07.417+0000] {processor.py:186} INFO - Started process (PID=1619) to work on /opt/airflow/dags/raw/dag_load_sales_data_to_db.py
[2024-11-03T04:07:07.418+0000] {processor.py:914} INFO - Processing file /opt/airflow/dags/raw/dag_load_sales_data_to_db.py for tasks to queue
[2024-11-03T04:07:07.419+0000] {logging_mixin.py:190} INFO - [2024-11-03T04:07:07.419+0000] {dagbag.py:588} INFO - Filling up the DagBag from /opt/airflow/dags/raw/dag_load_sales_data_to_db.py
[2024-11-03T04:07:07.459+0000] {processor.py:925} INFO - DAG(s) 'load_sales_data_to_db' retrieved from /opt/airflow/dags/raw/dag_load_sales_data_to_db.py
[2024-11-03T04:07:07.471+0000] {logging_mixin.py:190} INFO - [2024-11-03T04:07:07.471+0000] {dag.py:3239} INFO - Sync 1 DAGs
[2024-11-03T04:07:07.485+0000] {logging_mixin.py:190} INFO - [2024-11-03T04:07:07.484+0000] {dag.py:4180} INFO - Setting next_dagrun for load_sales_data_to_db to 2024-11-03 04:07:00+00:00, run_after=2024-11-03 04:08:00+00:00
[2024-11-03T04:07:07.495+0000] {processor.py:208} INFO - Processing /opt/airflow/dags/raw/dag_load_sales_data_to_db.py took 0.081 seconds
[2024-11-03T04:07:37.638+0000] {processor.py:186} INFO - Started process (PID=1688) to work on /opt/airflow/dags/raw/dag_load_sales_data_to_db.py
[2024-11-03T04:07:37.639+0000] {processor.py:914} INFO - Processing file /opt/airflow/dags/raw/dag_load_sales_data_to_db.py for tasks to queue
[2024-11-03T04:07:37.641+0000] {logging_mixin.py:190} INFO - [2024-11-03T04:07:37.641+0000] {dagbag.py:588} INFO - Filling up the DagBag from /opt/airflow/dags/raw/dag_load_sales_data_to_db.py
[2024-11-03T04:07:37.685+0000] {processor.py:925} INFO - DAG(s) 'load_sales_data_to_db' retrieved from /opt/airflow/dags/raw/dag_load_sales_data_to_db.py
[2024-11-03T04:07:37.697+0000] {logging_mixin.py:190} INFO - [2024-11-03T04:07:37.697+0000] {dag.py:3239} INFO - Sync 1 DAGs
[2024-11-03T04:07:37.714+0000] {logging_mixin.py:190} INFO - [2024-11-03T04:07:37.714+0000] {dag.py:4180} INFO - Setting next_dagrun for load_sales_data_to_db to 2024-11-03 04:07:00+00:00, run_after=2024-11-03 04:08:00+00:00
[2024-11-03T04:07:37.723+0000] {processor.py:208} INFO - Processing /opt/airflow/dags/raw/dag_load_sales_data_to_db.py took 0.088 seconds
[2024-11-03T04:08:07.864+0000] {processor.py:186} INFO - Started process (PID=1762) to work on /opt/airflow/dags/raw/dag_load_sales_data_to_db.py
[2024-11-03T04:08:07.864+0000] {processor.py:914} INFO - Processing file /opt/airflow/dags/raw/dag_load_sales_data_to_db.py for tasks to queue
[2024-11-03T04:08:07.865+0000] {logging_mixin.py:190} INFO - [2024-11-03T04:08:07.865+0000] {dagbag.py:588} INFO - Filling up the DagBag from /opt/airflow/dags/raw/dag_load_sales_data_to_db.py
[2024-11-03T04:08:07.906+0000] {processor.py:925} INFO - DAG(s) 'load_sales_data_to_db' retrieved from /opt/airflow/dags/raw/dag_load_sales_data_to_db.py
[2024-11-03T04:08:07.926+0000] {logging_mixin.py:190} INFO - [2024-11-03T04:08:07.926+0000] {dag.py:3239} INFO - Sync 1 DAGs
[2024-11-03T04:08:07.939+0000] {logging_mixin.py:190} INFO - [2024-11-03T04:08:07.938+0000] {dag.py:4180} INFO - Setting next_dagrun for load_sales_data_to_db to 2024-11-03 04:08:00+00:00, run_after=2024-11-03 04:09:00+00:00
[2024-11-03T04:08:07.949+0000] {processor.py:208} INFO - Processing /opt/airflow/dags/raw/dag_load_sales_data_to_db.py took 0.089 seconds
[2024-11-03T04:08:38.086+0000] {processor.py:186} INFO - Started process (PID=1832) to work on /opt/airflow/dags/raw/dag_load_sales_data_to_db.py
[2024-11-03T04:08:38.086+0000] {processor.py:914} INFO - Processing file /opt/airflow/dags/raw/dag_load_sales_data_to_db.py for tasks to queue
[2024-11-03T04:08:38.087+0000] {logging_mixin.py:190} INFO - [2024-11-03T04:08:38.087+0000] {dagbag.py:588} INFO - Filling up the DagBag from /opt/airflow/dags/raw/dag_load_sales_data_to_db.py
[2024-11-03T04:08:38.135+0000] {processor.py:925} INFO - DAG(s) 'load_sales_data_to_db' retrieved from /opt/airflow/dags/raw/dag_load_sales_data_to_db.py
[2024-11-03T04:08:38.145+0000] {logging_mixin.py:190} INFO - [2024-11-03T04:08:38.145+0000] {dag.py:3239} INFO - Sync 1 DAGs
[2024-11-03T04:08:38.157+0000] {logging_mixin.py:190} INFO - [2024-11-03T04:08:38.157+0000] {dag.py:4180} INFO - Setting next_dagrun for load_sales_data_to_db to 2024-11-03 04:08:00+00:00, run_after=2024-11-03 04:09:00+00:00
[2024-11-03T04:08:38.166+0000] {processor.py:208} INFO - Processing /opt/airflow/dags/raw/dag_load_sales_data_to_db.py took 0.083 seconds
[2024-11-03T04:09:08.574+0000] {processor.py:186} INFO - Started process (PID=1902) to work on /opt/airflow/dags/raw/dag_load_sales_data_to_db.py
[2024-11-03T04:09:08.575+0000] {processor.py:914} INFO - Processing file /opt/airflow/dags/raw/dag_load_sales_data_to_db.py for tasks to queue
[2024-11-03T04:09:08.576+0000] {logging_mixin.py:190} INFO - [2024-11-03T04:09:08.576+0000] {dagbag.py:588} INFO - Filling up the DagBag from /opt/airflow/dags/raw/dag_load_sales_data_to_db.py
[2024-11-03T04:09:08.621+0000] {processor.py:925} INFO - DAG(s) 'load_sales_data_to_db' retrieved from /opt/airflow/dags/raw/dag_load_sales_data_to_db.py
[2024-11-03T04:09:08.647+0000] {logging_mixin.py:190} INFO - [2024-11-03T04:09:08.647+0000] {dag.py:3239} INFO - Sync 1 DAGs
[2024-11-03T04:09:08.660+0000] {logging_mixin.py:190} INFO - [2024-11-03T04:09:08.660+0000] {dag.py:4180} INFO - Setting next_dagrun for load_sales_data_to_db to 2024-11-03 04:09:00+00:00, run_after=2024-11-03 04:10:00+00:00
[2024-11-03T04:09:08.672+0000] {processor.py:208} INFO - Processing /opt/airflow/dags/raw/dag_load_sales_data_to_db.py took 0.102 seconds
[2024-11-03T04:09:29.781+0000] {processor.py:186} INFO - Started process (PID=1962) to work on /opt/airflow/dags/raw/dag_load_sales_data_to_db.py
[2024-11-03T04:09:29.782+0000] {processor.py:914} INFO - Processing file /opt/airflow/dags/raw/dag_load_sales_data_to_db.py for tasks to queue
[2024-11-03T04:09:29.784+0000] {logging_mixin.py:190} INFO - [2024-11-03T04:09:29.783+0000] {dagbag.py:588} INFO - Filling up the DagBag from /opt/airflow/dags/raw/dag_load_sales_data_to_db.py
[2024-11-03T04:09:29.841+0000] {processor.py:925} INFO - DAG(s) 'load_sales_data_to_db' retrieved from /opt/airflow/dags/raw/dag_load_sales_data_to_db.py
[2024-11-03T04:09:29.897+0000] {logging_mixin.py:190} INFO - [2024-11-03T04:09:29.897+0000] {dag.py:3239} INFO - Sync 1 DAGs
[2024-11-03T04:09:29.910+0000] {logging_mixin.py:190} INFO - [2024-11-03T04:09:29.910+0000] {dag.py:4180} INFO - Setting next_dagrun for load_sales_data_to_db to 2024-11-03 04:00:00+00:00, run_after=2024-11-03 04:10:00+00:00
[2024-11-03T04:09:29.923+0000] {processor.py:208} INFO - Processing /opt/airflow/dags/raw/dag_load_sales_data_to_db.py took 0.147 seconds
[2024-11-03T04:10:00.895+0000] {processor.py:186} INFO - Started process (PID=2032) to work on /opt/airflow/dags/raw/dag_load_sales_data_to_db.py
[2024-11-03T04:10:00.895+0000] {processor.py:914} INFO - Processing file /opt/airflow/dags/raw/dag_load_sales_data_to_db.py for tasks to queue
[2024-11-03T04:10:00.896+0000] {logging_mixin.py:190} INFO - [2024-11-03T04:10:00.896+0000] {dagbag.py:588} INFO - Filling up the DagBag from /opt/airflow/dags/raw/dag_load_sales_data_to_db.py
[2024-11-03T04:10:00.937+0000] {processor.py:925} INFO - DAG(s) 'load_sales_data_to_db' retrieved from /opt/airflow/dags/raw/dag_load_sales_data_to_db.py
[2024-11-03T04:10:00.949+0000] {logging_mixin.py:190} INFO - [2024-11-03T04:10:00.948+0000] {dag.py:3239} INFO - Sync 1 DAGs
[2024-11-03T04:10:00.962+0000] {logging_mixin.py:190} INFO - [2024-11-03T04:10:00.962+0000] {dag.py:4180} INFO - Setting next_dagrun for load_sales_data_to_db to 2024-11-03 04:00:00+00:00, run_after=2024-11-03 04:10:00+00:00
[2024-11-03T04:10:00.971+0000] {processor.py:208} INFO - Processing /opt/airflow/dags/raw/dag_load_sales_data_to_db.py took 0.079 seconds
[2024-11-03T04:10:31.368+0000] {processor.py:186} INFO - Started process (PID=2102) to work on /opt/airflow/dags/raw/dag_load_sales_data_to_db.py
[2024-11-03T04:10:31.369+0000] {processor.py:914} INFO - Processing file /opt/airflow/dags/raw/dag_load_sales_data_to_db.py for tasks to queue
[2024-11-03T04:10:31.370+0000] {logging_mixin.py:190} INFO - [2024-11-03T04:10:31.370+0000] {dagbag.py:588} INFO - Filling up the DagBag from /opt/airflow/dags/raw/dag_load_sales_data_to_db.py
[2024-11-03T04:10:31.425+0000] {processor.py:925} INFO - DAG(s) 'load_sales_data_to_db' retrieved from /opt/airflow/dags/raw/dag_load_sales_data_to_db.py
[2024-11-03T04:10:31.438+0000] {logging_mixin.py:190} INFO - [2024-11-03T04:10:31.437+0000] {dag.py:3239} INFO - Sync 1 DAGs
[2024-11-03T04:10:31.453+0000] {logging_mixin.py:190} INFO - [2024-11-03T04:10:31.453+0000] {dag.py:4180} INFO - Setting next_dagrun for load_sales_data_to_db to 2024-11-03 04:00:00+00:00, run_after=2024-11-03 04:10:00+00:00
[2024-11-03T04:10:31.466+0000] {processor.py:208} INFO - Processing /opt/airflow/dags/raw/dag_load_sales_data_to_db.py took 0.101 seconds
[2024-11-03T16:45:34.996+0000] {processor.py:186} INFO - Started process (PID=28) to work on /opt/airflow/dags/raw/dag_load_sales_data_to_db.py
[2024-11-03T16:45:34.997+0000] {processor.py:914} INFO - Processing file /opt/airflow/dags/raw/dag_load_sales_data_to_db.py for tasks to queue
[2024-11-03T16:45:34.998+0000] {logging_mixin.py:190} INFO - [2024-11-03T16:45:34.998+0000] {dagbag.py:588} INFO - Filling up the DagBag from /opt/airflow/dags/raw/dag_load_sales_data_to_db.py
[2024-11-03T16:45:35.048+0000] {processor.py:925} INFO - DAG(s) 'load_sales_data_to_db' retrieved from /opt/airflow/dags/raw/dag_load_sales_data_to_db.py
[2024-11-03T16:45:35.067+0000] {logging_mixin.py:190} INFO - [2024-11-03T16:45:35.066+0000] {dag.py:3239} INFO - Sync 1 DAGs
[2024-11-03T16:45:35.083+0000] {logging_mixin.py:190} INFO - [2024-11-03T16:45:35.083+0000] {dag.py:4180} INFO - Setting next_dagrun for load_sales_data_to_db to 2024-11-03 16:30:00+00:00, run_after=2024-11-03 16:40:00+00:00
[2024-11-03T16:45:35.093+0000] {processor.py:208} INFO - Processing /opt/airflow/dags/raw/dag_load_sales_data_to_db.py took 0.101 seconds
[2024-11-03T16:46:05.881+0000] {processor.py:186} INFO - Started process (PID=102) to work on /opt/airflow/dags/raw/dag_load_sales_data_to_db.py
[2024-11-03T16:46:05.882+0000] {processor.py:914} INFO - Processing file /opt/airflow/dags/raw/dag_load_sales_data_to_db.py for tasks to queue
[2024-11-03T16:46:05.884+0000] {logging_mixin.py:190} INFO - [2024-11-03T16:46:05.883+0000] {dagbag.py:588} INFO - Filling up the DagBag from /opt/airflow/dags/raw/dag_load_sales_data_to_db.py
[2024-11-03T16:46:05.934+0000] {processor.py:925} INFO - DAG(s) 'load_sales_data_to_db' retrieved from /opt/airflow/dags/raw/dag_load_sales_data_to_db.py
[2024-11-03T16:46:05.944+0000] {logging_mixin.py:190} INFO - [2024-11-03T16:46:05.944+0000] {dag.py:3239} INFO - Sync 1 DAGs
[2024-11-03T16:46:05.956+0000] {logging_mixin.py:190} INFO - [2024-11-03T16:46:05.956+0000] {dag.py:4180} INFO - Setting next_dagrun for load_sales_data_to_db to 2024-11-03 16:40:00+00:00, run_after=2024-11-03 16:50:00+00:00
[2024-11-03T16:46:05.966+0000] {processor.py:208} INFO - Processing /opt/airflow/dags/raw/dag_load_sales_data_to_db.py took 0.088 seconds
[2024-11-03T16:46:36.039+0000] {processor.py:186} INFO - Started process (PID=172) to work on /opt/airflow/dags/raw/dag_load_sales_data_to_db.py
[2024-11-03T16:46:36.039+0000] {processor.py:914} INFO - Processing file /opt/airflow/dags/raw/dag_load_sales_data_to_db.py for tasks to queue
[2024-11-03T16:46:36.041+0000] {logging_mixin.py:190} INFO - [2024-11-03T16:46:36.041+0000] {dagbag.py:588} INFO - Filling up the DagBag from /opt/airflow/dags/raw/dag_load_sales_data_to_db.py
[2024-11-03T16:46:36.093+0000] {processor.py:925} INFO - DAG(s) 'load_sales_data_to_db' retrieved from /opt/airflow/dags/raw/dag_load_sales_data_to_db.py
[2024-11-03T16:46:36.104+0000] {logging_mixin.py:190} INFO - [2024-11-03T16:46:36.104+0000] {dag.py:3239} INFO - Sync 1 DAGs
[2024-11-03T16:46:36.118+0000] {logging_mixin.py:190} INFO - [2024-11-03T16:46:36.118+0000] {dag.py:4180} INFO - Setting next_dagrun for load_sales_data_to_db to 2024-11-03 16:40:00+00:00, run_after=2024-11-03 16:50:00+00:00
[2024-11-03T16:46:36.128+0000] {processor.py:208} INFO - Processing /opt/airflow/dags/raw/dag_load_sales_data_to_db.py took 0.093 seconds
[2024-11-03T16:47:06.217+0000] {processor.py:186} INFO - Started process (PID=242) to work on /opt/airflow/dags/raw/dag_load_sales_data_to_db.py
[2024-11-03T16:47:06.218+0000] {processor.py:914} INFO - Processing file /opt/airflow/dags/raw/dag_load_sales_data_to_db.py for tasks to queue
[2024-11-03T16:47:06.220+0000] {logging_mixin.py:190} INFO - [2024-11-03T16:47:06.220+0000] {dagbag.py:588} INFO - Filling up the DagBag from /opt/airflow/dags/raw/dag_load_sales_data_to_db.py
[2024-11-03T16:47:06.267+0000] {processor.py:925} INFO - DAG(s) 'load_sales_data_to_db' retrieved from /opt/airflow/dags/raw/dag_load_sales_data_to_db.py
[2024-11-03T16:47:06.278+0000] {logging_mixin.py:190} INFO - [2024-11-03T16:47:06.278+0000] {dag.py:3239} INFO - Sync 1 DAGs
[2024-11-03T16:47:06.292+0000] {logging_mixin.py:190} INFO - [2024-11-03T16:47:06.292+0000] {dag.py:4180} INFO - Setting next_dagrun for load_sales_data_to_db to 2024-11-03 16:40:00+00:00, run_after=2024-11-03 16:50:00+00:00
[2024-11-03T16:47:06.301+0000] {processor.py:208} INFO - Processing /opt/airflow/dags/raw/dag_load_sales_data_to_db.py took 0.088 seconds
[2024-11-03T16:47:36.363+0000] {processor.py:186} INFO - Started process (PID=312) to work on /opt/airflow/dags/raw/dag_load_sales_data_to_db.py
[2024-11-03T16:47:36.364+0000] {processor.py:914} INFO - Processing file /opt/airflow/dags/raw/dag_load_sales_data_to_db.py for tasks to queue
[2024-11-03T16:47:36.365+0000] {logging_mixin.py:190} INFO - [2024-11-03T16:47:36.365+0000] {dagbag.py:588} INFO - Filling up the DagBag from /opt/airflow/dags/raw/dag_load_sales_data_to_db.py
[2024-11-03T16:47:36.413+0000] {processor.py:925} INFO - DAG(s) 'load_sales_data_to_db' retrieved from /opt/airflow/dags/raw/dag_load_sales_data_to_db.py
[2024-11-03T16:47:36.424+0000] {logging_mixin.py:190} INFO - [2024-11-03T16:47:36.424+0000] {dag.py:3239} INFO - Sync 1 DAGs
[2024-11-03T16:47:36.437+0000] {logging_mixin.py:190} INFO - [2024-11-03T16:47:36.437+0000] {dag.py:4180} INFO - Setting next_dagrun for load_sales_data_to_db to 2024-11-03 16:40:00+00:00, run_after=2024-11-03 16:50:00+00:00
[2024-11-03T16:47:36.448+0000] {processor.py:208} INFO - Processing /opt/airflow/dags/raw/dag_load_sales_data_to_db.py took 0.088 seconds
[2024-11-03T16:48:06.686+0000] {processor.py:186} INFO - Started process (PID=382) to work on /opt/airflow/dags/raw/dag_load_sales_data_to_db.py
[2024-11-03T16:48:06.687+0000] {processor.py:914} INFO - Processing file /opt/airflow/dags/raw/dag_load_sales_data_to_db.py for tasks to queue
[2024-11-03T16:48:06.688+0000] {logging_mixin.py:190} INFO - [2024-11-03T16:48:06.688+0000] {dagbag.py:588} INFO - Filling up the DagBag from /opt/airflow/dags/raw/dag_load_sales_data_to_db.py
[2024-11-03T16:48:06.737+0000] {processor.py:925} INFO - DAG(s) 'load_sales_data_to_db' retrieved from /opt/airflow/dags/raw/dag_load_sales_data_to_db.py
[2024-11-03T16:48:06.748+0000] {logging_mixin.py:190} INFO - [2024-11-03T16:48:06.747+0000] {dag.py:3239} INFO - Sync 1 DAGs
[2024-11-03T16:48:06.760+0000] {logging_mixin.py:190} INFO - [2024-11-03T16:48:06.760+0000] {dag.py:4180} INFO - Setting next_dagrun for load_sales_data_to_db to 2024-11-03 16:40:00+00:00, run_after=2024-11-03 16:50:00+00:00
[2024-11-03T16:48:06.770+0000] {processor.py:208} INFO - Processing /opt/airflow/dags/raw/dag_load_sales_data_to_db.py took 0.087 seconds
[2024-11-03T16:48:37.088+0000] {processor.py:186} INFO - Started process (PID=452) to work on /opt/airflow/dags/raw/dag_load_sales_data_to_db.py
[2024-11-03T16:48:37.089+0000] {processor.py:914} INFO - Processing file /opt/airflow/dags/raw/dag_load_sales_data_to_db.py for tasks to queue
[2024-11-03T16:48:37.090+0000] {logging_mixin.py:190} INFO - [2024-11-03T16:48:37.090+0000] {dagbag.py:588} INFO - Filling up the DagBag from /opt/airflow/dags/raw/dag_load_sales_data_to_db.py
[2024-11-03T16:48:37.135+0000] {processor.py:925} INFO - DAG(s) 'load_sales_data_to_db' retrieved from /opt/airflow/dags/raw/dag_load_sales_data_to_db.py
[2024-11-03T16:48:37.146+0000] {logging_mixin.py:190} INFO - [2024-11-03T16:48:37.146+0000] {dag.py:3239} INFO - Sync 1 DAGs
[2024-11-03T16:48:37.158+0000] {logging_mixin.py:190} INFO - [2024-11-03T16:48:37.158+0000] {dag.py:4180} INFO - Setting next_dagrun for load_sales_data_to_db to 2024-11-03 16:40:00+00:00, run_after=2024-11-03 16:50:00+00:00
[2024-11-03T16:48:37.167+0000] {processor.py:208} INFO - Processing /opt/airflow/dags/raw/dag_load_sales_data_to_db.py took 0.083 seconds
[2024-11-03T16:49:07.376+0000] {processor.py:186} INFO - Started process (PID=523) to work on /opt/airflow/dags/raw/dag_load_sales_data_to_db.py
[2024-11-03T16:49:07.376+0000] {processor.py:914} INFO - Processing file /opt/airflow/dags/raw/dag_load_sales_data_to_db.py for tasks to queue
[2024-11-03T16:49:07.378+0000] {logging_mixin.py:190} INFO - [2024-11-03T16:49:07.377+0000] {dagbag.py:588} INFO - Filling up the DagBag from /opt/airflow/dags/raw/dag_load_sales_data_to_db.py
[2024-11-03T16:49:07.426+0000] {processor.py:925} INFO - DAG(s) 'load_sales_data_to_db' retrieved from /opt/airflow/dags/raw/dag_load_sales_data_to_db.py
[2024-11-03T16:49:07.437+0000] {logging_mixin.py:190} INFO - [2024-11-03T16:49:07.437+0000] {dag.py:3239} INFO - Sync 1 DAGs
[2024-11-03T16:49:07.449+0000] {logging_mixin.py:190} INFO - [2024-11-03T16:49:07.448+0000] {dag.py:4180} INFO - Setting next_dagrun for load_sales_data_to_db to 2024-11-03 16:40:00+00:00, run_after=2024-11-03 16:50:00+00:00
[2024-11-03T16:49:07.458+0000] {processor.py:208} INFO - Processing /opt/airflow/dags/raw/dag_load_sales_data_to_db.py took 0.086 seconds
[2024-11-03T16:49:37.762+0000] {processor.py:186} INFO - Started process (PID=593) to work on /opt/airflow/dags/raw/dag_load_sales_data_to_db.py
[2024-11-03T16:49:37.763+0000] {processor.py:914} INFO - Processing file /opt/airflow/dags/raw/dag_load_sales_data_to_db.py for tasks to queue
[2024-11-03T16:49:37.765+0000] {logging_mixin.py:190} INFO - [2024-11-03T16:49:37.765+0000] {dagbag.py:588} INFO - Filling up the DagBag from /opt/airflow/dags/raw/dag_load_sales_data_to_db.py
[2024-11-03T16:49:37.816+0000] {processor.py:925} INFO - DAG(s) 'load_sales_data_to_db' retrieved from /opt/airflow/dags/raw/dag_load_sales_data_to_db.py
[2024-11-03T16:49:37.826+0000] {logging_mixin.py:190} INFO - [2024-11-03T16:49:37.826+0000] {dag.py:3239} INFO - Sync 1 DAGs
[2024-11-03T16:49:37.838+0000] {logging_mixin.py:190} INFO - [2024-11-03T16:49:37.838+0000] {dag.py:4180} INFO - Setting next_dagrun for load_sales_data_to_db to 2024-11-03 16:40:00+00:00, run_after=2024-11-03 16:50:00+00:00
[2024-11-03T16:49:37.849+0000] {processor.py:208} INFO - Processing /opt/airflow/dags/raw/dag_load_sales_data_to_db.py took 0.090 seconds
[2024-11-03T16:50:07.920+0000] {processor.py:186} INFO - Started process (PID=663) to work on /opt/airflow/dags/raw/dag_load_sales_data_to_db.py
[2024-11-03T16:50:07.921+0000] {processor.py:914} INFO - Processing file /opt/airflow/dags/raw/dag_load_sales_data_to_db.py for tasks to queue
[2024-11-03T16:50:07.922+0000] {logging_mixin.py:190} INFO - [2024-11-03T16:50:07.922+0000] {dagbag.py:588} INFO - Filling up the DagBag from /opt/airflow/dags/raw/dag_load_sales_data_to_db.py
[2024-11-03T16:50:07.964+0000] {processor.py:925} INFO - DAG(s) 'load_sales_data_to_db' retrieved from /opt/airflow/dags/raw/dag_load_sales_data_to_db.py
[2024-11-03T16:50:07.975+0000] {logging_mixin.py:190} INFO - [2024-11-03T16:50:07.975+0000] {dag.py:3239} INFO - Sync 1 DAGs
[2024-11-03T16:50:07.989+0000] {logging_mixin.py:190} INFO - [2024-11-03T16:50:07.989+0000] {dag.py:4180} INFO - Setting next_dagrun for load_sales_data_to_db to 2024-11-03 16:50:00+00:00, run_after=2024-11-03 17:00:00+00:00
[2024-11-03T16:50:08.001+0000] {processor.py:208} INFO - Processing /opt/airflow/dags/raw/dag_load_sales_data_to_db.py took 0.085 seconds
[2024-11-03T16:50:38.345+0000] {processor.py:186} INFO - Started process (PID=732) to work on /opt/airflow/dags/raw/dag_load_sales_data_to_db.py
[2024-11-03T16:50:38.346+0000] {processor.py:914} INFO - Processing file /opt/airflow/dags/raw/dag_load_sales_data_to_db.py for tasks to queue
[2024-11-03T16:50:38.348+0000] {logging_mixin.py:190} INFO - [2024-11-03T16:50:38.348+0000] {dagbag.py:588} INFO - Filling up the DagBag from /opt/airflow/dags/raw/dag_load_sales_data_to_db.py
[2024-11-03T16:50:38.393+0000] {processor.py:925} INFO - DAG(s) 'load_sales_data_to_db' retrieved from /opt/airflow/dags/raw/dag_load_sales_data_to_db.py
[2024-11-03T16:50:38.406+0000] {logging_mixin.py:190} INFO - [2024-11-03T16:50:38.406+0000] {dag.py:3239} INFO - Sync 1 DAGs
[2024-11-03T16:50:38.420+0000] {logging_mixin.py:190} INFO - [2024-11-03T16:50:38.420+0000] {dag.py:4180} INFO - Setting next_dagrun for load_sales_data_to_db to 2024-11-03 16:50:00+00:00, run_after=2024-11-03 17:00:00+00:00
[2024-11-03T16:50:38.433+0000] {processor.py:208} INFO - Processing /opt/airflow/dags/raw/dag_load_sales_data_to_db.py took 0.091 seconds
[2024-11-03T16:51:08.809+0000] {processor.py:186} INFO - Started process (PID=802) to work on /opt/airflow/dags/raw/dag_load_sales_data_to_db.py
[2024-11-03T16:51:08.811+0000] {processor.py:914} INFO - Processing file /opt/airflow/dags/raw/dag_load_sales_data_to_db.py for tasks to queue
[2024-11-03T16:51:08.814+0000] {logging_mixin.py:190} INFO - [2024-11-03T16:51:08.813+0000] {dagbag.py:588} INFO - Filling up the DagBag from /opt/airflow/dags/raw/dag_load_sales_data_to_db.py
[2024-11-03T16:51:08.864+0000] {processor.py:925} INFO - DAG(s) 'load_sales_data_to_db' retrieved from /opt/airflow/dags/raw/dag_load_sales_data_to_db.py
[2024-11-03T16:51:08.877+0000] {logging_mixin.py:190} INFO - [2024-11-03T16:51:08.877+0000] {dag.py:3239} INFO - Sync 1 DAGs
[2024-11-03T16:51:08.891+0000] {logging_mixin.py:190} INFO - [2024-11-03T16:51:08.891+0000] {dag.py:4180} INFO - Setting next_dagrun for load_sales_data_to_db to 2024-11-03 16:50:00+00:00, run_after=2024-11-03 17:00:00+00:00
[2024-11-03T16:51:08.901+0000] {processor.py:208} INFO - Processing /opt/airflow/dags/raw/dag_load_sales_data_to_db.py took 0.096 seconds
[2024-11-03T16:51:39.373+0000] {processor.py:186} INFO - Started process (PID=872) to work on /opt/airflow/dags/raw/dag_load_sales_data_to_db.py
[2024-11-03T16:51:39.374+0000] {processor.py:914} INFO - Processing file /opt/airflow/dags/raw/dag_load_sales_data_to_db.py for tasks to queue
[2024-11-03T16:51:39.375+0000] {logging_mixin.py:190} INFO - [2024-11-03T16:51:39.375+0000] {dagbag.py:588} INFO - Filling up the DagBag from /opt/airflow/dags/raw/dag_load_sales_data_to_db.py
[2024-11-03T16:51:39.434+0000] {processor.py:925} INFO - DAG(s) 'load_sales_data_to_db' retrieved from /opt/airflow/dags/raw/dag_load_sales_data_to_db.py
[2024-11-03T16:51:39.448+0000] {logging_mixin.py:190} INFO - [2024-11-03T16:51:39.448+0000] {dag.py:3239} INFO - Sync 1 DAGs
[2024-11-03T16:51:39.465+0000] {logging_mixin.py:190} INFO - [2024-11-03T16:51:39.465+0000] {dag.py:4180} INFO - Setting next_dagrun for load_sales_data_to_db to 2024-11-03 16:50:00+00:00, run_after=2024-11-03 17:00:00+00:00
[2024-11-03T16:51:39.477+0000] {processor.py:208} INFO - Processing /opt/airflow/dags/raw/dag_load_sales_data_to_db.py took 0.109 seconds
[2024-11-03T16:52:09.964+0000] {processor.py:186} INFO - Started process (PID=941) to work on /opt/airflow/dags/raw/dag_load_sales_data_to_db.py
[2024-11-03T16:52:09.965+0000] {processor.py:914} INFO - Processing file /opt/airflow/dags/raw/dag_load_sales_data_to_db.py for tasks to queue
[2024-11-03T16:52:09.967+0000] {logging_mixin.py:190} INFO - [2024-11-03T16:52:09.966+0000] {dagbag.py:588} INFO - Filling up the DagBag from /opt/airflow/dags/raw/dag_load_sales_data_to_db.py
[2024-11-03T16:52:10.021+0000] {processor.py:925} INFO - DAG(s) 'load_sales_data_to_db' retrieved from /opt/airflow/dags/raw/dag_load_sales_data_to_db.py
[2024-11-03T16:52:10.032+0000] {logging_mixin.py:190} INFO - [2024-11-03T16:52:10.031+0000] {dag.py:3239} INFO - Sync 1 DAGs
[2024-11-03T16:52:10.044+0000] {logging_mixin.py:190} INFO - [2024-11-03T16:52:10.044+0000] {dag.py:4180} INFO - Setting next_dagrun for load_sales_data_to_db to 2024-11-03 16:50:00+00:00, run_after=2024-11-03 17:00:00+00:00
[2024-11-03T16:52:10.055+0000] {processor.py:208} INFO - Processing /opt/airflow/dags/raw/dag_load_sales_data_to_db.py took 0.094 seconds
[2024-11-03T16:52:40.350+0000] {processor.py:186} INFO - Started process (PID=1010) to work on /opt/airflow/dags/raw/dag_load_sales_data_to_db.py
[2024-11-03T16:52:40.351+0000] {processor.py:914} INFO - Processing file /opt/airflow/dags/raw/dag_load_sales_data_to_db.py for tasks to queue
[2024-11-03T16:52:40.353+0000] {logging_mixin.py:190} INFO - [2024-11-03T16:52:40.352+0000] {dagbag.py:588} INFO - Filling up the DagBag from /opt/airflow/dags/raw/dag_load_sales_data_to_db.py
[2024-11-03T16:52:40.409+0000] {processor.py:925} INFO - DAG(s) 'load_sales_data_to_db' retrieved from /opt/airflow/dags/raw/dag_load_sales_data_to_db.py
[2024-11-03T16:52:40.423+0000] {logging_mixin.py:190} INFO - [2024-11-03T16:52:40.423+0000] {dag.py:3239} INFO - Sync 1 DAGs
[2024-11-03T16:52:40.441+0000] {logging_mixin.py:190} INFO - [2024-11-03T16:52:40.441+0000] {dag.py:4180} INFO - Setting next_dagrun for load_sales_data_to_db to 2024-11-03 16:50:00+00:00, run_after=2024-11-03 17:00:00+00:00
[2024-11-03T16:52:40.454+0000] {processor.py:208} INFO - Processing /opt/airflow/dags/raw/dag_load_sales_data_to_db.py took 0.107 seconds
[2024-11-03T16:53:10.940+0000] {processor.py:186} INFO - Started process (PID=1080) to work on /opt/airflow/dags/raw/dag_load_sales_data_to_db.py
[2024-11-03T16:53:10.940+0000] {processor.py:914} INFO - Processing file /opt/airflow/dags/raw/dag_load_sales_data_to_db.py for tasks to queue
[2024-11-03T16:53:10.942+0000] {logging_mixin.py:190} INFO - [2024-11-03T16:53:10.942+0000] {dagbag.py:588} INFO - Filling up the DagBag from /opt/airflow/dags/raw/dag_load_sales_data_to_db.py
[2024-11-03T16:53:10.993+0000] {processor.py:925} INFO - DAG(s) 'load_sales_data_to_db' retrieved from /opt/airflow/dags/raw/dag_load_sales_data_to_db.py
[2024-11-03T16:53:11.008+0000] {logging_mixin.py:190} INFO - [2024-11-03T16:53:11.008+0000] {dag.py:3239} INFO - Sync 1 DAGs
[2024-11-03T16:53:11.021+0000] {logging_mixin.py:190} INFO - [2024-11-03T16:53:11.021+0000] {dag.py:4180} INFO - Setting next_dagrun for load_sales_data_to_db to 2024-11-03 16:50:00+00:00, run_after=2024-11-03 17:00:00+00:00
[2024-11-03T16:53:11.031+0000] {processor.py:208} INFO - Processing /opt/airflow/dags/raw/dag_load_sales_data_to_db.py took 0.095 seconds
[2024-11-03T16:53:41.129+0000] {processor.py:186} INFO - Started process (PID=1150) to work on /opt/airflow/dags/raw/dag_load_sales_data_to_db.py
[2024-11-03T16:53:41.130+0000] {processor.py:914} INFO - Processing file /opt/airflow/dags/raw/dag_load_sales_data_to_db.py for tasks to queue
[2024-11-03T16:53:41.131+0000] {logging_mixin.py:190} INFO - [2024-11-03T16:53:41.131+0000] {dagbag.py:588} INFO - Filling up the DagBag from /opt/airflow/dags/raw/dag_load_sales_data_to_db.py
[2024-11-03T16:53:41.176+0000] {processor.py:925} INFO - DAG(s) 'load_sales_data_to_db' retrieved from /opt/airflow/dags/raw/dag_load_sales_data_to_db.py
[2024-11-03T16:53:41.186+0000] {logging_mixin.py:190} INFO - [2024-11-03T16:53:41.186+0000] {dag.py:3239} INFO - Sync 1 DAGs
[2024-11-03T16:53:41.200+0000] {logging_mixin.py:190} INFO - [2024-11-03T16:53:41.200+0000] {dag.py:4180} INFO - Setting next_dagrun for load_sales_data_to_db to 2024-11-03 16:50:00+00:00, run_after=2024-11-03 17:00:00+00:00
[2024-11-03T16:53:41.210+0000] {processor.py:208} INFO - Processing /opt/airflow/dags/raw/dag_load_sales_data_to_db.py took 0.085 seconds
